/root/.virtualenvs/dusksec/lib/python3.5/site-packages/celery/platforms.py:796: RuntimeWarning: You're running the worker with superuser privileges: this is
absolutely not recommended!

Please specify a different user using the --uid option.

User information: uid=0 euid=0 gid=0 egid=0

  uid=uid, euid=euid, gid=gid, egid=egid,
[2018-12-18 21:19:46,861: INFO/MainProcess] Connected to redis://:**@localhost:6379/1
[2018-12-18 21:19:46,870: INFO/MainProcess] mingle: searching for neighbors
[2018-12-18 21:19:47,887: INFO/MainProcess] mingle: all alone
[2018-12-18 21:19:47,896: WARNING/MainProcess] /root/.virtualenvs/dusksec/lib/python3.5/site-packages/celery/fixups/django.py:200: UserWarning: Using settings.DEBUG leads to a memory leak, never use this setting in production environments!
  warnings.warn('Using settings.DEBUG leads to a memory leak, never '
[2018-12-18 21:19:47,896: INFO/MainProcess] celery@VM_0_17_centos ready.
/root/.virtualenvs/dusksec/lib/python3.5/site-packages/celery/platforms.py:796: RuntimeWarning: You're running the worker with superuser privileges: this is
absolutely not recommended!

Please specify a different user using the --uid option.

User information: uid=0 euid=0 gid=0 egid=0

  uid=uid, euid=euid, gid=gid, egid=egid,
[2018-12-18 21:19:49,045: INFO/Beat] beat: Starting...
[2018-12-19 01:00:00,007: INFO/Beat] Scheduler: Sending due task verurl (src.tasks.verurl)
[2018-12-19 01:00:00,033: INFO/MainProcess] Received task: src.tasks.verurl[59d31d3c-4e77-4329-a9ea-082418780401]  
[2018-12-20 01:00:00,091: INFO/Beat] Scheduler: Sending due task verurl (src.tasks.verurl)
[2018-12-20 01:00:00,093: INFO/MainProcess] Received task: src.tasks.verurl[81e28bb1-6e80-46c3-918d-588dbeda376f]  
[2018-12-21 01:00:00,074: INFO/Beat] Scheduler: Sending due task verurl (src.tasks.verurl)
[2018-12-21 01:00:00,076: INFO/MainProcess] Received task: src.tasks.verurl[ac72fe28-41f3-43eb-9992-a737f1c7c1df]  
[2018-12-21 02:01:42,415: INFO/MainProcess] Received task: src.tasks.verurl[ac72fe28-41f3-43eb-9992-a737f1c7c1df]  
[2018-12-21 03:01:42,919: INFO/MainProcess] Received task: src.tasks.verurl[ac72fe28-41f3-43eb-9992-a737f1c7c1df]  
[2018-12-21 04:01:43,407: INFO/MainProcess] Received task: src.tasks.verurl[ac72fe28-41f3-43eb-9992-a737f1c7c1df]  
[2018-12-21 05:01:43,925: INFO/MainProcess] Received task: src.tasks.verurl[ac72fe28-41f3-43eb-9992-a737f1c7c1df]  
[2018-12-21 06:01:44,405: INFO/MainProcess] Received task: src.tasks.verurl[ac72fe28-41f3-43eb-9992-a737f1c7c1df]  
[2018-12-21 07:01:44,907: INFO/MainProcess] Received task: src.tasks.verurl[ac72fe28-41f3-43eb-9992-a737f1c7c1df]  
[2018-12-21 08:01:45,410: INFO/MainProcess] Received task: src.tasks.verurl[ac72fe28-41f3-43eb-9992-a737f1c7c1df]  
[2018-12-21 09:01:45,923: INFO/MainProcess] Received task: src.tasks.verurl[ac72fe28-41f3-43eb-9992-a737f1c7c1df]  
[2018-12-21 10:01:46,470: INFO/MainProcess] Received task: src.tasks.verurl[ac72fe28-41f3-43eb-9992-a737f1c7c1df]  
[2018-12-21 11:01:47,077: INFO/MainProcess] Received task: src.tasks.verurl[ac72fe28-41f3-43eb-9992-a737f1c7c1df]  
[2018-12-21 12:01:47,557: INFO/MainProcess] Received task: src.tasks.verurl[ac72fe28-41f3-43eb-9992-a737f1c7c1df]  
[2018-12-21 13:01:47,997: INFO/MainProcess] Received task: src.tasks.verurl[ac72fe28-41f3-43eb-9992-a737f1c7c1df]  
[2018-12-21 14:01:48,495: INFO/MainProcess] Received task: src.tasks.verurl[ac72fe28-41f3-43eb-9992-a737f1c7c1df]  
[2018-12-21 15:01:49,010: INFO/MainProcess] Received task: src.tasks.verurl[ac72fe28-41f3-43eb-9992-a737f1c7c1df]  
[2018-12-21 16:01:49,506: INFO/MainProcess] Received task: src.tasks.verurl[ac72fe28-41f3-43eb-9992-a737f1c7c1df]  
[2018-12-21 17:01:50,001: INFO/MainProcess] Received task: src.tasks.verurl[ac72fe28-41f3-43eb-9992-a737f1c7c1df]  
[2018-12-21 18:01:50,528: INFO/MainProcess] Received task: src.tasks.verurl[ac72fe28-41f3-43eb-9992-a737f1c7c1df]  
[2018-12-21 19:01:51,036: INFO/MainProcess] Received task: src.tasks.verurl[ac72fe28-41f3-43eb-9992-a737f1c7c1df]  
[2018-12-21 20:01:51,549: INFO/MainProcess] Received task: src.tasks.verurl[ac72fe28-41f3-43eb-9992-a737f1c7c1df]  
[2018-12-21 21:01:52,067: INFO/MainProcess] Received task: src.tasks.verurl[ac72fe28-41f3-43eb-9992-a737f1c7c1df]  
[2018-12-21 22:01:52,551: INFO/MainProcess] Received task: src.tasks.verurl[ac72fe28-41f3-43eb-9992-a737f1c7c1df]  
[2018-12-21 23:01:52,977: INFO/MainProcess] Received task: src.tasks.verurl[ac72fe28-41f3-43eb-9992-a737f1c7c1df]  
[2018-12-22 00:01:53,471: INFO/MainProcess] Received task: src.tasks.verurl[ac72fe28-41f3-43eb-9992-a737f1c7c1df]  
[2018-12-22 01:00:00,059: INFO/Beat] Scheduler: Sending due task verurl (src.tasks.verurl)
[2018-12-22 01:00:00,062: INFO/MainProcess] Received task: src.tasks.verurl[f1afcbed-a4ec-4535-abe8-8ed8f0d388fa]  
[2018-12-22 01:01:53,974: INFO/MainProcess] Received task: src.tasks.verurl[ac72fe28-41f3-43eb-9992-a737f1c7c1df]  
[2018-12-22 02:01:54,463: INFO/MainProcess] Received task: src.tasks.verurl[ac72fe28-41f3-43eb-9992-a737f1c7c1df]  
[2018-12-22 02:01:54,465: INFO/MainProcess] Received task: src.tasks.verurl[f1afcbed-a4ec-4535-abe8-8ed8f0d388fa]  
[2018-12-22 03:01:54,959: INFO/MainProcess] Received task: src.tasks.verurl[f1afcbed-a4ec-4535-abe8-8ed8f0d388fa]  
[2018-12-22 03:01:54,960: INFO/MainProcess] Received task: src.tasks.verurl[ac72fe28-41f3-43eb-9992-a737f1c7c1df]  
[2018-12-22 04:01:55,443: INFO/MainProcess] Received task: src.tasks.verurl[ac72fe28-41f3-43eb-9992-a737f1c7c1df]  
[2018-12-22 04:01:55,444: INFO/MainProcess] Received task: src.tasks.verurl[f1afcbed-a4ec-4535-abe8-8ed8f0d388fa]  
[2018-12-22 05:01:55,976: INFO/MainProcess] Received task: src.tasks.verurl[f1afcbed-a4ec-4535-abe8-8ed8f0d388fa]  
[2018-12-22 05:01:55,978: INFO/MainProcess] Received task: src.tasks.verurl[ac72fe28-41f3-43eb-9992-a737f1c7c1df]  
[2018-12-22 06:01:56,577: INFO/MainProcess] Received task: src.tasks.verurl[ac72fe28-41f3-43eb-9992-a737f1c7c1df]  
[2018-12-22 06:01:56,579: INFO/MainProcess] Received task: src.tasks.verurl[f1afcbed-a4ec-4535-abe8-8ed8f0d388fa]  
[2018-12-22 07:01:57,075: INFO/MainProcess] Received task: src.tasks.verurl[f1afcbed-a4ec-4535-abe8-8ed8f0d388fa]  
[2018-12-22 07:01:57,076: INFO/MainProcess] Received task: src.tasks.verurl[ac72fe28-41f3-43eb-9992-a737f1c7c1df]  
[2018-12-22 08:01:57,572: INFO/MainProcess] Received task: src.tasks.verurl[ac72fe28-41f3-43eb-9992-a737f1c7c1df]  
[2018-12-22 08:01:57,573: INFO/MainProcess] Received task: src.tasks.verurl[f1afcbed-a4ec-4535-abe8-8ed8f0d388fa]  
[2018-12-22 09:01:58,057: INFO/MainProcess] Received task: src.tasks.verurl[f1afcbed-a4ec-4535-abe8-8ed8f0d388fa]  
[2018-12-22 09:01:58,059: INFO/MainProcess] Received task: src.tasks.verurl[ac72fe28-41f3-43eb-9992-a737f1c7c1df]  
[2018-12-22 10:01:58,484: INFO/MainProcess] Received task: src.tasks.verurl[ac72fe28-41f3-43eb-9992-a737f1c7c1df]  
[2018-12-22 10:01:58,485: INFO/MainProcess] Received task: src.tasks.verurl[f1afcbed-a4ec-4535-abe8-8ed8f0d388fa]  
[2018-12-22 11:01:59,003: INFO/MainProcess] Received task: src.tasks.verurl[f1afcbed-a4ec-4535-abe8-8ed8f0d388fa]  
[2018-12-22 11:01:59,005: INFO/MainProcess] Received task: src.tasks.verurl[ac72fe28-41f3-43eb-9992-a737f1c7c1df]  
[2018-12-22 12:01:59,503: INFO/MainProcess] Received task: src.tasks.verurl[ac72fe28-41f3-43eb-9992-a737f1c7c1df]  
[2018-12-22 12:01:59,504: INFO/MainProcess] Received task: src.tasks.verurl[f1afcbed-a4ec-4535-abe8-8ed8f0d388fa]  
[2018-12-22 13:02:00,000: INFO/MainProcess] Received task: src.tasks.verurl[f1afcbed-a4ec-4535-abe8-8ed8f0d388fa]  
[2018-12-22 13:02:00,002: INFO/MainProcess] Received task: src.tasks.verurl[ac72fe28-41f3-43eb-9992-a737f1c7c1df]  
[2018-12-22 14:02:00,526: INFO/MainProcess] Received task: src.tasks.verurl[ac72fe28-41f3-43eb-9992-a737f1c7c1df]  
[2018-12-22 14:02:00,527: INFO/MainProcess] Received task: src.tasks.verurl[f1afcbed-a4ec-4535-abe8-8ed8f0d388fa]  
[2018-12-22 14:57:18,806: INFO/MainProcess] Events of group {task} enabled by remote.
[2018-12-22 15:02:01,072: INFO/MainProcess] Received task: src.tasks.verurl[f1afcbed-a4ec-4535-abe8-8ed8f0d388fa]  
[2018-12-22 15:02:01,074: INFO/MainProcess] Received task: src.tasks.verurl[ac72fe28-41f3-43eb-9992-a737f1c7c1df]  
[2018-12-22 16:02:01,580: INFO/MainProcess] Received task: src.tasks.verurl[ac72fe28-41f3-43eb-9992-a737f1c7c1df]  
[2018-12-22 16:02:01,582: INFO/MainProcess] Received task: src.tasks.verurl[f1afcbed-a4ec-4535-abe8-8ed8f0d388fa]  
[2018-12-22 17:02:02,088: INFO/MainProcess] Received task: src.tasks.verurl[f1afcbed-a4ec-4535-abe8-8ed8f0d388fa]  
[2018-12-22 17:02:02,089: INFO/MainProcess] Received task: src.tasks.verurl[ac72fe28-41f3-43eb-9992-a737f1c7c1df]  
[2018-12-22 18:02:02,600: INFO/MainProcess] Received task: src.tasks.verurl[ac72fe28-41f3-43eb-9992-a737f1c7c1df]  
[2018-12-22 18:02:02,601: INFO/MainProcess] Received task: src.tasks.verurl[f1afcbed-a4ec-4535-abe8-8ed8f0d388fa]  
[2018-12-22 19:02:03,098: INFO/MainProcess] Received task: src.tasks.verurl[f1afcbed-a4ec-4535-abe8-8ed8f0d388fa]  
[2018-12-22 19:02:03,099: INFO/MainProcess] Received task: src.tasks.verurl[ac72fe28-41f3-43eb-9992-a737f1c7c1df]  
[2018-12-22 20:02:03,600: INFO/MainProcess] Received task: src.tasks.verurl[ac72fe28-41f3-43eb-9992-a737f1c7c1df]  
[2018-12-22 20:02:03,602: INFO/MainProcess] Received task: src.tasks.verurl[f1afcbed-a4ec-4535-abe8-8ed8f0d388fa]  
[2018-12-22 21:02:04,055: INFO/MainProcess] Received task: src.tasks.verurl[f1afcbed-a4ec-4535-abe8-8ed8f0d388fa]  
[2018-12-22 21:02:04,056: INFO/MainProcess] Received task: src.tasks.verurl[ac72fe28-41f3-43eb-9992-a737f1c7c1df]  
[2018-12-22 22:02:04,564: INFO/MainProcess] Received task: src.tasks.verurl[ac72fe28-41f3-43eb-9992-a737f1c7c1df]  
[2018-12-22 22:02:04,566: INFO/MainProcess] Received task: src.tasks.verurl[f1afcbed-a4ec-4535-abe8-8ed8f0d388fa]  
[2018-12-22 23:02:05,062: INFO/MainProcess] Received task: src.tasks.verurl[f1afcbed-a4ec-4535-abe8-8ed8f0d388fa]  
[2018-12-22 23:02:05,063: INFO/MainProcess] Received task: src.tasks.verurl[ac72fe28-41f3-43eb-9992-a737f1c7c1df]  
[2018-12-23 00:02:05,564: INFO/MainProcess] Received task: src.tasks.verurl[ac72fe28-41f3-43eb-9992-a737f1c7c1df]  
[2018-12-23 00:02:05,565: INFO/MainProcess] Received task: src.tasks.verurl[f1afcbed-a4ec-4535-abe8-8ed8f0d388fa]  
[2018-12-23 01:00:00,068: INFO/Beat] Scheduler: Sending due task verurl (src.tasks.verurl)
[2018-12-23 01:00:00,070: INFO/MainProcess] Received task: src.tasks.verurl[43891621-f02a-422c-b263-e1fb4d55f0fb]  
[2018-12-23 01:02:06,062: INFO/MainProcess] Received task: src.tasks.verurl[f1afcbed-a4ec-4535-abe8-8ed8f0d388fa]  
[2018-12-23 01:02:06,064: INFO/MainProcess] Received task: src.tasks.verurl[ac72fe28-41f3-43eb-9992-a737f1c7c1df]  
[2018-12-23 02:02:06,556: INFO/MainProcess] Received task: src.tasks.verurl[ac72fe28-41f3-43eb-9992-a737f1c7c1df]  
[2018-12-23 02:02:06,557: INFO/MainProcess] Received task: src.tasks.verurl[43891621-f02a-422c-b263-e1fb4d55f0fb]  
[2018-12-23 02:02:06,558: INFO/MainProcess] Received task: src.tasks.verurl[f1afcbed-a4ec-4535-abe8-8ed8f0d388fa]  
[2018-12-23 03:02:07,093: INFO/MainProcess] Received task: src.tasks.verurl[f1afcbed-a4ec-4535-abe8-8ed8f0d388fa]  
[2018-12-23 03:02:07,095: INFO/MainProcess] Received task: src.tasks.verurl[ac72fe28-41f3-43eb-9992-a737f1c7c1df]  
[2018-12-23 03:02:07,096: INFO/MainProcess] Received task: src.tasks.verurl[43891621-f02a-422c-b263-e1fb4d55f0fb]  
[2018-12-23 04:02:07,572: INFO/MainProcess] Received task: src.tasks.verurl[43891621-f02a-422c-b263-e1fb4d55f0fb]  
[2018-12-23 04:02:07,573: INFO/MainProcess] Received task: src.tasks.verurl[f1afcbed-a4ec-4535-abe8-8ed8f0d388fa]  
[2018-12-23 04:02:07,574: INFO/MainProcess] Received task: src.tasks.verurl[ac72fe28-41f3-43eb-9992-a737f1c7c1df]  
[2018-12-23 05:02:08,075: INFO/MainProcess] Received task: src.tasks.verurl[ac72fe28-41f3-43eb-9992-a737f1c7c1df]  
[2018-12-23 05:02:08,077: INFO/MainProcess] Received task: src.tasks.verurl[43891621-f02a-422c-b263-e1fb4d55f0fb]  
[2018-12-23 05:02:08,078: INFO/MainProcess] Received task: src.tasks.verurl[f1afcbed-a4ec-4535-abe8-8ed8f0d388fa]  
[2018-12-23 06:02:08,577: INFO/MainProcess] Received task: src.tasks.verurl[f1afcbed-a4ec-4535-abe8-8ed8f0d388fa]  
[2018-12-23 06:02:08,579: INFO/MainProcess] Received task: src.tasks.verurl[ac72fe28-41f3-43eb-9992-a737f1c7c1df]  
[2018-12-23 06:02:08,580: INFO/MainProcess] Received task: src.tasks.verurl[43891621-f02a-422c-b263-e1fb4d55f0fb]  
[2018-12-23 07:02:09,059: INFO/MainProcess] Received task: src.tasks.verurl[43891621-f02a-422c-b263-e1fb4d55f0fb]  
[2018-12-23 07:02:09,061: INFO/MainProcess] Received task: src.tasks.verurl[f1afcbed-a4ec-4535-abe8-8ed8f0d388fa]  
[2018-12-23 07:02:09,064: INFO/MainProcess] Received task: src.tasks.verurl[ac72fe28-41f3-43eb-9992-a737f1c7c1df]  
[2018-12-23 08:02:09,478: INFO/MainProcess] Received task: src.tasks.verurl[ac72fe28-41f3-43eb-9992-a737f1c7c1df]  
[2018-12-23 08:02:09,479: INFO/MainProcess] Received task: src.tasks.verurl[43891621-f02a-422c-b263-e1fb4d55f0fb]  
[2018-12-23 08:02:09,481: INFO/MainProcess] Received task: src.tasks.verurl[f1afcbed-a4ec-4535-abe8-8ed8f0d388fa]  
[2018-12-23 09:02:09,984: INFO/MainProcess] Received task: src.tasks.verurl[f1afcbed-a4ec-4535-abe8-8ed8f0d388fa]  
[2018-12-23 09:02:09,986: INFO/MainProcess] Received task: src.tasks.verurl[ac72fe28-41f3-43eb-9992-a737f1c7c1df]  
[2018-12-23 09:02:09,987: INFO/MainProcess] Received task: src.tasks.verurl[43891621-f02a-422c-b263-e1fb4d55f0fb]  
[2018-12-23 10:02:10,547: INFO/MainProcess] Received task: src.tasks.verurl[43891621-f02a-422c-b263-e1fb4d55f0fb]  
[2018-12-23 10:02:10,549: INFO/MainProcess] Received task: src.tasks.verurl[f1afcbed-a4ec-4535-abe8-8ed8f0d388fa]  
[2018-12-23 10:02:10,550: INFO/MainProcess] Received task: src.tasks.verurl[ac72fe28-41f3-43eb-9992-a737f1c7c1df]  
[2018-12-23 11:02:11,105: INFO/MainProcess] Received task: src.tasks.verurl[ac72fe28-41f3-43eb-9992-a737f1c7c1df]  
[2018-12-23 11:02:11,108: INFO/MainProcess] Received task: src.tasks.verurl[43891621-f02a-422c-b263-e1fb4d55f0fb]  
[2018-12-23 11:02:11,110: INFO/MainProcess] Received task: src.tasks.verurl[f1afcbed-a4ec-4535-abe8-8ed8f0d388fa]  
[2018-12-23 12:02:11,626: INFO/MainProcess] Received task: src.tasks.verurl[f1afcbed-a4ec-4535-abe8-8ed8f0d388fa]  
[2018-12-23 12:02:11,628: INFO/MainProcess] Received task: src.tasks.verurl[ac72fe28-41f3-43eb-9992-a737f1c7c1df]  
[2018-12-23 12:02:11,629: INFO/MainProcess] Received task: src.tasks.verurl[43891621-f02a-422c-b263-e1fb4d55f0fb]  
[2018-12-23 13:02:12,120: INFO/MainProcess] Received task: src.tasks.verurl[43891621-f02a-422c-b263-e1fb4d55f0fb]  
[2018-12-23 13:02:12,122: INFO/MainProcess] Received task: src.tasks.verurl[f1afcbed-a4ec-4535-abe8-8ed8f0d388fa]  
[2018-12-23 13:02:12,123: INFO/MainProcess] Received task: src.tasks.verurl[ac72fe28-41f3-43eb-9992-a737f1c7c1df]  
[2018-12-23 14:02:12,608: INFO/MainProcess] Received task: src.tasks.verurl[ac72fe28-41f3-43eb-9992-a737f1c7c1df]  
[2018-12-23 14:02:12,609: INFO/MainProcess] Received task: src.tasks.verurl[43891621-f02a-422c-b263-e1fb4d55f0fb]  
[2018-12-23 14:02:12,611: INFO/MainProcess] Received task: src.tasks.verurl[f1afcbed-a4ec-4535-abe8-8ed8f0d388fa]  
[2018-12-23 15:02:13,141: INFO/MainProcess] Received task: src.tasks.verurl[f1afcbed-a4ec-4535-abe8-8ed8f0d388fa]  
[2018-12-23 15:02:13,142: INFO/MainProcess] Received task: src.tasks.verurl[ac72fe28-41f3-43eb-9992-a737f1c7c1df]  
[2018-12-23 15:02:13,144: INFO/MainProcess] Received task: src.tasks.verurl[43891621-f02a-422c-b263-e1fb4d55f0fb]  
/root/.virtualenvs/dusksec/lib/python3.5/site-packages/celery/platforms.py:796: RuntimeWarning: You're running the worker with superuser privileges: this is
absolutely not recommended!

Please specify a different user using the --uid option.

User information: uid=0 euid=0 gid=0 egid=0

  uid=uid, euid=euid, gid=gid, egid=egid,
[2018-12-23 15:58:46,189: INFO/ForkPoolWorker-2] Task src.tasks.verurl[59d31d3c-4e77-4329-a9ea-082418780401] succeeded in 399526.15393741615s: None
[2018-12-23 16:02:13,610: INFO/MainProcess] Received task: src.tasks.verurl[43891621-f02a-422c-b263-e1fb4d55f0fb]  
[2018-12-23 16:02:13,612: INFO/MainProcess] Received task: src.tasks.verurl[f1afcbed-a4ec-4535-abe8-8ed8f0d388fa]  
[2018-12-23 17:02:14,087: INFO/MainProcess] Received task: src.tasks.verurl[f1afcbed-a4ec-4535-abe8-8ed8f0d388fa]  
[2018-12-23 17:02:14,089: INFO/MainProcess] Received task: src.tasks.verurl[43891621-f02a-422c-b263-e1fb4d55f0fb]  
[2018-12-23 18:02:14,537: INFO/MainProcess] Received task: src.tasks.verurl[43891621-f02a-422c-b263-e1fb4d55f0fb]  
[2018-12-23 18:02:14,538: INFO/MainProcess] Received task: src.tasks.verurl[f1afcbed-a4ec-4535-abe8-8ed8f0d388fa]  
[2018-12-23 19:02:14,969: INFO/MainProcess] Received task: src.tasks.verurl[f1afcbed-a4ec-4535-abe8-8ed8f0d388fa]  
[2018-12-23 19:02:14,970: INFO/MainProcess] Received task: src.tasks.verurl[43891621-f02a-422c-b263-e1fb4d55f0fb]  
[2018-12-23 20:02:15,485: INFO/MainProcess] Received task: src.tasks.verurl[43891621-f02a-422c-b263-e1fb4d55f0fb]  
[2018-12-23 20:02:15,486: INFO/MainProcess] Received task: src.tasks.verurl[f1afcbed-a4ec-4535-abe8-8ed8f0d388fa]  
[2018-12-23 21:02:15,979: INFO/MainProcess] Received task: src.tasks.verurl[f1afcbed-a4ec-4535-abe8-8ed8f0d388fa]  
[2018-12-23 21:02:15,981: INFO/MainProcess] Received task: src.tasks.verurl[43891621-f02a-422c-b263-e1fb4d55f0fb]  
[2018-12-23 22:02:16,467: INFO/MainProcess] Received task: src.tasks.verurl[43891621-f02a-422c-b263-e1fb4d55f0fb]  
[2018-12-23 22:02:16,469: INFO/MainProcess] Received task: src.tasks.verurl[f1afcbed-a4ec-4535-abe8-8ed8f0d388fa]  
[2018-12-23 23:02:17,005: INFO/MainProcess] Received task: src.tasks.verurl[f1afcbed-a4ec-4535-abe8-8ed8f0d388fa]  
[2018-12-23 23:02:17,006: INFO/MainProcess] Received task: src.tasks.verurl[43891621-f02a-422c-b263-e1fb4d55f0fb]  
[2018-12-24 00:02:17,477: INFO/MainProcess] Received task: src.tasks.verurl[43891621-f02a-422c-b263-e1fb4d55f0fb]  
[2018-12-24 00:02:17,479: INFO/MainProcess] Received task: src.tasks.verurl[f1afcbed-a4ec-4535-abe8-8ed8f0d388fa]  
[2018-12-24 01:00:00,070: INFO/Beat] Scheduler: Sending due task verurl (src.tasks.verurl)
[2018-12-24 01:00:00,072: INFO/MainProcess] Received task: src.tasks.verurl[20b2084b-d7d1-4014-8f59-0bd9cde4c3b6]  
[2018-12-24 01:02:17,958: INFO/MainProcess] Received task: src.tasks.verurl[f1afcbed-a4ec-4535-abe8-8ed8f0d388fa]  
[2018-12-24 01:02:17,960: INFO/MainProcess] Received task: src.tasks.verurl[43891621-f02a-422c-b263-e1fb4d55f0fb]  
[2018-12-24 02:02:18,444: INFO/MainProcess] Received task: src.tasks.verurl[43891621-f02a-422c-b263-e1fb4d55f0fb]  
[2018-12-24 02:02:18,445: INFO/MainProcess] Received task: src.tasks.verurl[20b2084b-d7d1-4014-8f59-0bd9cde4c3b6]  
[2018-12-24 02:02:18,447: INFO/MainProcess] Received task: src.tasks.verurl[f1afcbed-a4ec-4535-abe8-8ed8f0d388fa]  
[2018-12-24 03:02:18,917: INFO/MainProcess] Received task: src.tasks.verurl[f1afcbed-a4ec-4535-abe8-8ed8f0d388fa]  
[2018-12-24 03:02:18,918: INFO/MainProcess] Received task: src.tasks.verurl[43891621-f02a-422c-b263-e1fb4d55f0fb]  
[2018-12-24 03:02:18,920: INFO/MainProcess] Received task: src.tasks.verurl[20b2084b-d7d1-4014-8f59-0bd9cde4c3b6]  
[2018-12-24 04:02:19,435: INFO/MainProcess] Received task: src.tasks.verurl[20b2084b-d7d1-4014-8f59-0bd9cde4c3b6]  
[2018-12-24 04:02:19,436: INFO/MainProcess] Received task: src.tasks.verurl[f1afcbed-a4ec-4535-abe8-8ed8f0d388fa]  
[2018-12-24 04:02:19,437: INFO/MainProcess] Received task: src.tasks.verurl[43891621-f02a-422c-b263-e1fb4d55f0fb]  
[2018-12-24 05:02:19,881: INFO/MainProcess] Received task: src.tasks.verurl[43891621-f02a-422c-b263-e1fb4d55f0fb]  
[2018-12-24 05:02:19,883: INFO/MainProcess] Received task: src.tasks.verurl[20b2084b-d7d1-4014-8f59-0bd9cde4c3b6]  
[2018-12-24 05:02:19,884: INFO/MainProcess] Received task: src.tasks.verurl[f1afcbed-a4ec-4535-abe8-8ed8f0d388fa]  
[2018-12-24 06:02:20,324: INFO/MainProcess] Received task: src.tasks.verurl[f1afcbed-a4ec-4535-abe8-8ed8f0d388fa]  
[2018-12-24 06:02:20,326: INFO/MainProcess] Received task: src.tasks.verurl[43891621-f02a-422c-b263-e1fb4d55f0fb]  
[2018-12-24 06:02:20,327: INFO/MainProcess] Received task: src.tasks.verurl[20b2084b-d7d1-4014-8f59-0bd9cde4c3b6]  
[2018-12-24 07:02:20,820: INFO/MainProcess] Received task: src.tasks.verurl[20b2084b-d7d1-4014-8f59-0bd9cde4c3b6]  
[2018-12-24 07:02:20,822: INFO/MainProcess] Received task: src.tasks.verurl[f1afcbed-a4ec-4535-abe8-8ed8f0d388fa]  
[2018-12-24 07:02:20,823: INFO/MainProcess] Received task: src.tasks.verurl[43891621-f02a-422c-b263-e1fb4d55f0fb]  
[2018-12-24 08:02:21,305: INFO/MainProcess] Received task: src.tasks.verurl[43891621-f02a-422c-b263-e1fb4d55f0fb]  
[2018-12-24 08:02:21,307: INFO/MainProcess] Received task: src.tasks.verurl[20b2084b-d7d1-4014-8f59-0bd9cde4c3b6]  
[2018-12-24 08:02:21,308: INFO/MainProcess] Received task: src.tasks.verurl[f1afcbed-a4ec-4535-abe8-8ed8f0d388fa]  
[2018-12-24 09:02:21,814: INFO/MainProcess] Received task: src.tasks.verurl[f1afcbed-a4ec-4535-abe8-8ed8f0d388fa]  
[2018-12-24 09:02:21,816: INFO/MainProcess] Received task: src.tasks.verurl[43891621-f02a-422c-b263-e1fb4d55f0fb]  
[2018-12-24 09:02:21,818: INFO/MainProcess] Received task: src.tasks.verurl[20b2084b-d7d1-4014-8f59-0bd9cde4c3b6]  
[2018-12-24 10:02:22,321: INFO/MainProcess] Received task: src.tasks.verurl[20b2084b-d7d1-4014-8f59-0bd9cde4c3b6]  
[2018-12-24 10:02:22,323: INFO/MainProcess] Received task: src.tasks.verurl[f1afcbed-a4ec-4535-abe8-8ed8f0d388fa]  
[2018-12-24 10:02:22,324: INFO/MainProcess] Received task: src.tasks.verurl[43891621-f02a-422c-b263-e1fb4d55f0fb]  
[2018-12-24 11:02:22,813: INFO/MainProcess] Received task: src.tasks.verurl[43891621-f02a-422c-b263-e1fb4d55f0fb]  
[2018-12-24 11:02:22,814: INFO/MainProcess] Received task: src.tasks.verurl[20b2084b-d7d1-4014-8f59-0bd9cde4c3b6]  
[2018-12-24 11:02:22,815: INFO/MainProcess] Received task: src.tasks.verurl[f1afcbed-a4ec-4535-abe8-8ed8f0d388fa]  
[2018-12-24 12:02:23,317: INFO/MainProcess] Received task: src.tasks.verurl[f1afcbed-a4ec-4535-abe8-8ed8f0d388fa]  
[2018-12-24 12:02:23,319: INFO/MainProcess] Received task: src.tasks.verurl[43891621-f02a-422c-b263-e1fb4d55f0fb]  
[2018-12-24 12:02:23,321: INFO/MainProcess] Received task: src.tasks.verurl[20b2084b-d7d1-4014-8f59-0bd9cde4c3b6]  
[2018-12-24 13:02:23,810: INFO/MainProcess] Received task: src.tasks.verurl[20b2084b-d7d1-4014-8f59-0bd9cde4c3b6]  
[2018-12-24 13:02:23,812: INFO/MainProcess] Received task: src.tasks.verurl[f1afcbed-a4ec-4535-abe8-8ed8f0d388fa]  
[2018-12-24 13:02:23,813: INFO/MainProcess] Received task: src.tasks.verurl[43891621-f02a-422c-b263-e1fb4d55f0fb]  
[2018-12-24 14:02:24,302: INFO/MainProcess] Received task: src.tasks.verurl[43891621-f02a-422c-b263-e1fb4d55f0fb]  
[2018-12-24 14:02:24,304: INFO/MainProcess] Received task: src.tasks.verurl[20b2084b-d7d1-4014-8f59-0bd9cde4c3b6]  
[2018-12-24 14:02:24,305: INFO/MainProcess] Received task: src.tasks.verurl[f1afcbed-a4ec-4535-abe8-8ed8f0d388fa]  
[2018-12-24 15:02:24,815: INFO/MainProcess] Received task: src.tasks.verurl[f1afcbed-a4ec-4535-abe8-8ed8f0d388fa]  
[2018-12-24 15:02:24,816: INFO/MainProcess] Received task: src.tasks.verurl[43891621-f02a-422c-b263-e1fb4d55f0fb]  
[2018-12-24 15:02:24,818: INFO/MainProcess] Received task: src.tasks.verurl[20b2084b-d7d1-4014-8f59-0bd9cde4c3b6]  
[2018-12-24 16:02:25,369: INFO/MainProcess] Received task: src.tasks.verurl[20b2084b-d7d1-4014-8f59-0bd9cde4c3b6]  
[2018-12-24 16:02:25,370: INFO/MainProcess] Received task: src.tasks.verurl[f1afcbed-a4ec-4535-abe8-8ed8f0d388fa]  
[2018-12-24 16:02:25,372: INFO/MainProcess] Received task: src.tasks.verurl[43891621-f02a-422c-b263-e1fb4d55f0fb]  
[2018-12-24 17:02:25,823: INFO/MainProcess] Received task: src.tasks.verurl[43891621-f02a-422c-b263-e1fb4d55f0fb]  
[2018-12-24 17:02:25,824: INFO/MainProcess] Received task: src.tasks.verurl[20b2084b-d7d1-4014-8f59-0bd9cde4c3b6]  
[2018-12-24 17:02:25,825: INFO/MainProcess] Received task: src.tasks.verurl[f1afcbed-a4ec-4535-abe8-8ed8f0d388fa]  
/root/.virtualenvs/dusksec/lib/python3.5/site-packages/celery/platforms.py:796: RuntimeWarning: You're running the worker with superuser privileges: this is
absolutely not recommended!

Please specify a different user using the --uid option.

User information: uid=0 euid=0 gid=0 egid=0

  uid=uid, euid=euid, gid=gid, egid=egid,
[2018-12-24 17:59:07,164: INFO/ForkPoolWorker-3] Task src.tasks.verurl[81e28bb1-6e80-46c3-918d-588dbeda376f] succeeded in 406747.06925236713s: None
[2018-12-24 18:02:26,312: INFO/MainProcess] Received task: src.tasks.verurl[f1afcbed-a4ec-4535-abe8-8ed8f0d388fa]  
[2018-12-24 18:02:26,314: INFO/MainProcess] Received task: src.tasks.verurl[43891621-f02a-422c-b263-e1fb4d55f0fb]  
[2018-12-24 18:02:26,315: INFO/MainProcess] Received task: src.tasks.verurl[20b2084b-d7d1-4014-8f59-0bd9cde4c3b6]  
[2018-12-24 19:02:26,816: INFO/MainProcess] Received task: src.tasks.verurl[20b2084b-d7d1-4014-8f59-0bd9cde4c3b6]  
[2018-12-24 19:02:26,818: INFO/MainProcess] Received task: src.tasks.verurl[f1afcbed-a4ec-4535-abe8-8ed8f0d388fa]  
[2018-12-24 19:02:26,820: INFO/MainProcess] Received task: src.tasks.verurl[43891621-f02a-422c-b263-e1fb4d55f0fb]  
[2018-12-24 20:02:27,309: INFO/MainProcess] Received task: src.tasks.verurl[43891621-f02a-422c-b263-e1fb4d55f0fb]  
[2018-12-24 20:02:27,310: INFO/MainProcess] Received task: src.tasks.verurl[20b2084b-d7d1-4014-8f59-0bd9cde4c3b6]  
[2018-12-24 20:02:27,311: INFO/MainProcess] Received task: src.tasks.verurl[f1afcbed-a4ec-4535-abe8-8ed8f0d388fa]  
[2018-12-24 21:02:27,791: INFO/MainProcess] Received task: src.tasks.verurl[f1afcbed-a4ec-4535-abe8-8ed8f0d388fa]  
[2018-12-24 21:02:27,792: INFO/MainProcess] Received task: src.tasks.verurl[43891621-f02a-422c-b263-e1fb4d55f0fb]  
[2018-12-24 21:02:27,793: INFO/MainProcess] Received task: src.tasks.verurl[20b2084b-d7d1-4014-8f59-0bd9cde4c3b6]  
[2018-12-24 22:02:28,320: INFO/MainProcess] Received task: src.tasks.verurl[20b2084b-d7d1-4014-8f59-0bd9cde4c3b6]  
[2018-12-24 22:02:28,322: INFO/MainProcess] Received task: src.tasks.verurl[f1afcbed-a4ec-4535-abe8-8ed8f0d388fa]  
[2018-12-24 22:02:28,323: INFO/MainProcess] Received task: src.tasks.verurl[43891621-f02a-422c-b263-e1fb4d55f0fb]  
[2018-12-24 23:02:28,811: INFO/MainProcess] Received task: src.tasks.verurl[43891621-f02a-422c-b263-e1fb4d55f0fb]  
[2018-12-24 23:02:28,812: INFO/MainProcess] Received task: src.tasks.verurl[20b2084b-d7d1-4014-8f59-0bd9cde4c3b6]  
[2018-12-24 23:02:28,814: INFO/MainProcess] Received task: src.tasks.verurl[f1afcbed-a4ec-4535-abe8-8ed8f0d388fa]  
[2018-12-25 00:02:29,297: INFO/MainProcess] Received task: src.tasks.verurl[f1afcbed-a4ec-4535-abe8-8ed8f0d388fa]  
[2018-12-25 00:02:29,298: INFO/MainProcess] Received task: src.tasks.verurl[43891621-f02a-422c-b263-e1fb4d55f0fb]  
[2018-12-25 00:02:29,299: INFO/MainProcess] Received task: src.tasks.verurl[20b2084b-d7d1-4014-8f59-0bd9cde4c3b6]  
[2018-12-25 01:00:00,076: INFO/Beat] Scheduler: Sending due task verurl (src.tasks.verurl)
[2018-12-25 01:00:00,079: INFO/MainProcess] Received task: src.tasks.verurl[14178aad-bd3d-4bad-a7f5-8e5fbfa27a7d]  
[2018-12-25 01:02:29,796: INFO/MainProcess] Received task: src.tasks.verurl[20b2084b-d7d1-4014-8f59-0bd9cde4c3b6]  
[2018-12-25 01:02:29,797: INFO/MainProcess] Received task: src.tasks.verurl[f1afcbed-a4ec-4535-abe8-8ed8f0d388fa]  
[2018-12-25 01:02:29,799: INFO/MainProcess] Received task: src.tasks.verurl[43891621-f02a-422c-b263-e1fb4d55f0fb]  
[2018-12-25 02:02:30,311: INFO/MainProcess] Received task: src.tasks.verurl[43891621-f02a-422c-b263-e1fb4d55f0fb]  
[2018-12-25 02:02:30,313: INFO/MainProcess] Received task: src.tasks.verurl[14178aad-bd3d-4bad-a7f5-8e5fbfa27a7d]  
[2018-12-25 02:02:30,314: INFO/MainProcess] Received task: src.tasks.verurl[20b2084b-d7d1-4014-8f59-0bd9cde4c3b6]  
[2018-12-25 02:02:30,315: INFO/MainProcess] Received task: src.tasks.verurl[f1afcbed-a4ec-4535-abe8-8ed8f0d388fa]  
[2018-12-25 03:02:30,736: INFO/MainProcess] Received task: src.tasks.verurl[f1afcbed-a4ec-4535-abe8-8ed8f0d388fa]  
[2018-12-25 03:02:30,737: INFO/MainProcess] Received task: src.tasks.verurl[43891621-f02a-422c-b263-e1fb4d55f0fb]  
[2018-12-25 03:02:30,739: INFO/MainProcess] Received task: src.tasks.verurl[14178aad-bd3d-4bad-a7f5-8e5fbfa27a7d]  
[2018-12-25 03:02:30,740: INFO/MainProcess] Received task: src.tasks.verurl[20b2084b-d7d1-4014-8f59-0bd9cde4c3b6]  
[2018-12-25 04:02:31,204: INFO/MainProcess] Received task: src.tasks.verurl[20b2084b-d7d1-4014-8f59-0bd9cde4c3b6]  
[2018-12-25 04:02:31,206: INFO/MainProcess] Received task: src.tasks.verurl[f1afcbed-a4ec-4535-abe8-8ed8f0d388fa]  
[2018-12-25 04:02:31,207: INFO/MainProcess] Received task: src.tasks.verurl[43891621-f02a-422c-b263-e1fb4d55f0fb]  
[2018-12-25 04:02:31,208: INFO/MainProcess] Received task: src.tasks.verurl[14178aad-bd3d-4bad-a7f5-8e5fbfa27a7d]  
[2018-12-25 05:02:31,675: INFO/MainProcess] Received task: src.tasks.verurl[14178aad-bd3d-4bad-a7f5-8e5fbfa27a7d]  
[2018-12-25 05:02:31,676: INFO/MainProcess] Received task: src.tasks.verurl[20b2084b-d7d1-4014-8f59-0bd9cde4c3b6]  
[2018-12-25 05:02:31,677: INFO/MainProcess] Received task: src.tasks.verurl[f1afcbed-a4ec-4535-abe8-8ed8f0d388fa]  
[2018-12-25 05:02:31,678: INFO/MainProcess] Received task: src.tasks.verurl[43891621-f02a-422c-b263-e1fb4d55f0fb]  
[2018-12-25 06:02:32,178: INFO/MainProcess] Received task: src.tasks.verurl[43891621-f02a-422c-b263-e1fb4d55f0fb]  
[2018-12-25 06:02:32,180: INFO/MainProcess] Received task: src.tasks.verurl[14178aad-bd3d-4bad-a7f5-8e5fbfa27a7d]  
[2018-12-25 06:02:32,181: INFO/MainProcess] Received task: src.tasks.verurl[20b2084b-d7d1-4014-8f59-0bd9cde4c3b6]  
[2018-12-25 06:02:32,183: INFO/MainProcess] Received task: src.tasks.verurl[f1afcbed-a4ec-4535-abe8-8ed8f0d388fa]  
[2018-12-25 07:02:32,667: INFO/MainProcess] Received task: src.tasks.verurl[f1afcbed-a4ec-4535-abe8-8ed8f0d388fa]  
[2018-12-25 07:02:32,668: INFO/MainProcess] Received task: src.tasks.verurl[43891621-f02a-422c-b263-e1fb4d55f0fb]  
[2018-12-25 07:02:32,670: INFO/MainProcess] Received task: src.tasks.verurl[14178aad-bd3d-4bad-a7f5-8e5fbfa27a7d]  
[2018-12-25 07:02:32,672: INFO/MainProcess] Received task: src.tasks.verurl[20b2084b-d7d1-4014-8f59-0bd9cde4c3b6]  
[2018-12-25 08:02:33,158: INFO/MainProcess] Received task: src.tasks.verurl[20b2084b-d7d1-4014-8f59-0bd9cde4c3b6]  
[2018-12-25 08:02:33,159: INFO/MainProcess] Received task: src.tasks.verurl[f1afcbed-a4ec-4535-abe8-8ed8f0d388fa]  
[2018-12-25 08:02:33,161: INFO/MainProcess] Received task: src.tasks.verurl[43891621-f02a-422c-b263-e1fb4d55f0fb]  
[2018-12-25 08:02:33,162: INFO/MainProcess] Received task: src.tasks.verurl[14178aad-bd3d-4bad-a7f5-8e5fbfa27a7d]  
[2018-12-25 09:02:33,676: INFO/MainProcess] Received task: src.tasks.verurl[14178aad-bd3d-4bad-a7f5-8e5fbfa27a7d]  
[2018-12-25 09:02:33,677: INFO/MainProcess] Received task: src.tasks.verurl[20b2084b-d7d1-4014-8f59-0bd9cde4c3b6]  
[2018-12-25 09:02:33,678: INFO/MainProcess] Received task: src.tasks.verurl[f1afcbed-a4ec-4535-abe8-8ed8f0d388fa]  
[2018-12-25 09:02:33,680: INFO/MainProcess] Received task: src.tasks.verurl[43891621-f02a-422c-b263-e1fb4d55f0fb]  
[2018-12-25 10:02:34,158: INFO/MainProcess] Received task: src.tasks.verurl[43891621-f02a-422c-b263-e1fb4d55f0fb]  
[2018-12-25 10:02:34,159: INFO/MainProcess] Received task: src.tasks.verurl[14178aad-bd3d-4bad-a7f5-8e5fbfa27a7d]  
[2018-12-25 10:02:34,160: INFO/MainProcess] Received task: src.tasks.verurl[20b2084b-d7d1-4014-8f59-0bd9cde4c3b6]  
[2018-12-25 10:02:34,161: INFO/MainProcess] Received task: src.tasks.verurl[f1afcbed-a4ec-4535-abe8-8ed8f0d388fa]  
[2018-12-25 11:02:34,662: INFO/MainProcess] Received task: src.tasks.verurl[f1afcbed-a4ec-4535-abe8-8ed8f0d388fa]  
[2018-12-25 11:02:34,664: INFO/MainProcess] Received task: src.tasks.verurl[43891621-f02a-422c-b263-e1fb4d55f0fb]  
[2018-12-25 11:02:34,665: INFO/MainProcess] Received task: src.tasks.verurl[14178aad-bd3d-4bad-a7f5-8e5fbfa27a7d]  
[2018-12-25 11:02:34,666: INFO/MainProcess] Received task: src.tasks.verurl[20b2084b-d7d1-4014-8f59-0bd9cde4c3b6]  
[2018-12-25 12:02:35,186: INFO/MainProcess] Received task: src.tasks.verurl[20b2084b-d7d1-4014-8f59-0bd9cde4c3b6]  
[2018-12-25 12:02:35,188: INFO/MainProcess] Received task: src.tasks.verurl[f1afcbed-a4ec-4535-abe8-8ed8f0d388fa]  
[2018-12-25 12:02:35,189: INFO/MainProcess] Received task: src.tasks.verurl[43891621-f02a-422c-b263-e1fb4d55f0fb]  
[2018-12-25 12:02:35,190: INFO/MainProcess] Received task: src.tasks.verurl[14178aad-bd3d-4bad-a7f5-8e5fbfa27a7d]  
[2018-12-25 13:02:35,683: INFO/MainProcess] Received task: src.tasks.verurl[14178aad-bd3d-4bad-a7f5-8e5fbfa27a7d]  
[2018-12-25 13:02:35,684: INFO/MainProcess] Received task: src.tasks.verurl[20b2084b-d7d1-4014-8f59-0bd9cde4c3b6]  
[2018-12-25 13:02:35,686: INFO/MainProcess] Received task: src.tasks.verurl[f1afcbed-a4ec-4535-abe8-8ed8f0d388fa]  
[2018-12-25 13:02:35,687: INFO/MainProcess] Received task: src.tasks.verurl[43891621-f02a-422c-b263-e1fb4d55f0fb]  
[2018-12-25 14:02:36,113: INFO/MainProcess] Received task: src.tasks.verurl[43891621-f02a-422c-b263-e1fb4d55f0fb]  
[2018-12-25 14:02:36,114: INFO/MainProcess] Received task: src.tasks.verurl[14178aad-bd3d-4bad-a7f5-8e5fbfa27a7d]  
[2018-12-25 14:02:36,116: INFO/MainProcess] Received task: src.tasks.verurl[20b2084b-d7d1-4014-8f59-0bd9cde4c3b6]  
[2018-12-25 14:02:36,117: INFO/MainProcess] Received task: src.tasks.verurl[f1afcbed-a4ec-4535-abe8-8ed8f0d388fa]  
[2018-12-25 15:02:36,622: INFO/MainProcess] Received task: src.tasks.verurl[f1afcbed-a4ec-4535-abe8-8ed8f0d388fa]  
[2018-12-25 15:02:36,624: INFO/MainProcess] Received task: src.tasks.verurl[43891621-f02a-422c-b263-e1fb4d55f0fb]  
[2018-12-25 15:02:36,626: INFO/MainProcess] Received task: src.tasks.verurl[14178aad-bd3d-4bad-a7f5-8e5fbfa27a7d]  
[2018-12-25 15:02:36,627: INFO/MainProcess] Received task: src.tasks.verurl[20b2084b-d7d1-4014-8f59-0bd9cde4c3b6]  
[2018-12-25 16:02:37,099: INFO/MainProcess] Received task: src.tasks.verurl[20b2084b-d7d1-4014-8f59-0bd9cde4c3b6]  
[2018-12-25 16:02:37,100: INFO/MainProcess] Received task: src.tasks.verurl[f1afcbed-a4ec-4535-abe8-8ed8f0d388fa]  
[2018-12-25 16:02:37,102: INFO/MainProcess] Received task: src.tasks.verurl[43891621-f02a-422c-b263-e1fb4d55f0fb]  
[2018-12-25 16:02:37,104: INFO/MainProcess] Received task: src.tasks.verurl[14178aad-bd3d-4bad-a7f5-8e5fbfa27a7d]  
[2018-12-25 17:02:37,612: INFO/MainProcess] Received task: src.tasks.verurl[14178aad-bd3d-4bad-a7f5-8e5fbfa27a7d]  
[2018-12-25 17:02:37,613: INFO/MainProcess] Received task: src.tasks.verurl[20b2084b-d7d1-4014-8f59-0bd9cde4c3b6]  
[2018-12-25 17:02:37,614: INFO/MainProcess] Received task: src.tasks.verurl[f1afcbed-a4ec-4535-abe8-8ed8f0d388fa]  
[2018-12-25 17:02:37,615: INFO/MainProcess] Received task: src.tasks.verurl[43891621-f02a-422c-b263-e1fb4d55f0fb]  
[2018-12-25 18:02:38,165: INFO/MainProcess] Received task: src.tasks.verurl[43891621-f02a-422c-b263-e1fb4d55f0fb]  
[2018-12-25 18:02:38,167: INFO/MainProcess] Received task: src.tasks.verurl[14178aad-bd3d-4bad-a7f5-8e5fbfa27a7d]  
[2018-12-25 18:02:38,168: INFO/MainProcess] Received task: src.tasks.verurl[20b2084b-d7d1-4014-8f59-0bd9cde4c3b6]  
[2018-12-25 18:02:38,170: INFO/MainProcess] Received task: src.tasks.verurl[f1afcbed-a4ec-4535-abe8-8ed8f0d388fa]  
[2018-12-25 19:02:38,657: INFO/MainProcess] Received task: src.tasks.verurl[f1afcbed-a4ec-4535-abe8-8ed8f0d388fa]  
[2018-12-25 19:02:38,658: INFO/MainProcess] Received task: src.tasks.verurl[43891621-f02a-422c-b263-e1fb4d55f0fb]  
[2018-12-25 19:02:38,660: INFO/MainProcess] Received task: src.tasks.verurl[14178aad-bd3d-4bad-a7f5-8e5fbfa27a7d]  
[2018-12-25 19:02:38,661: INFO/MainProcess] Received task: src.tasks.verurl[20b2084b-d7d1-4014-8f59-0bd9cde4c3b6]  
[2018-12-25 20:02:39,186: INFO/MainProcess] Received task: src.tasks.verurl[20b2084b-d7d1-4014-8f59-0bd9cde4c3b6]  
[2018-12-25 20:02:39,187: INFO/MainProcess] Received task: src.tasks.verurl[f1afcbed-a4ec-4535-abe8-8ed8f0d388fa]  
[2018-12-25 20:02:39,188: INFO/MainProcess] Received task: src.tasks.verurl[43891621-f02a-422c-b263-e1fb4d55f0fb]  
[2018-12-25 20:02:39,189: INFO/MainProcess] Received task: src.tasks.verurl[14178aad-bd3d-4bad-a7f5-8e5fbfa27a7d]  
[2018-12-25 21:02:39,697: INFO/MainProcess] Received task: src.tasks.verurl[14178aad-bd3d-4bad-a7f5-8e5fbfa27a7d]  
[2018-12-25 21:02:39,700: INFO/MainProcess] Received task: src.tasks.verurl[20b2084b-d7d1-4014-8f59-0bd9cde4c3b6]  
[2018-12-25 21:02:39,701: INFO/MainProcess] Received task: src.tasks.verurl[f1afcbed-a4ec-4535-abe8-8ed8f0d388fa]  
[2018-12-25 21:02:39,702: INFO/MainProcess] Received task: src.tasks.verurl[43891621-f02a-422c-b263-e1fb4d55f0fb]  
[2018-12-25 22:02:40,198: INFO/MainProcess] Received task: src.tasks.verurl[43891621-f02a-422c-b263-e1fb4d55f0fb]  
[2018-12-25 22:02:40,200: INFO/MainProcess] Received task: src.tasks.verurl[14178aad-bd3d-4bad-a7f5-8e5fbfa27a7d]  
[2018-12-25 22:02:40,201: INFO/MainProcess] Received task: src.tasks.verurl[20b2084b-d7d1-4014-8f59-0bd9cde4c3b6]  
[2018-12-25 22:02:40,202: INFO/MainProcess] Received task: src.tasks.verurl[f1afcbed-a4ec-4535-abe8-8ed8f0d388fa]  
[2018-12-25 23:02:40,705: INFO/MainProcess] Received task: src.tasks.verurl[f1afcbed-a4ec-4535-abe8-8ed8f0d388fa]  
[2018-12-25 23:02:40,706: INFO/MainProcess] Received task: src.tasks.verurl[43891621-f02a-422c-b263-e1fb4d55f0fb]  
[2018-12-25 23:02:40,708: INFO/MainProcess] Received task: src.tasks.verurl[14178aad-bd3d-4bad-a7f5-8e5fbfa27a7d]  
[2018-12-25 23:02:40,709: INFO/MainProcess] Received task: src.tasks.verurl[20b2084b-d7d1-4014-8f59-0bd9cde4c3b6]  
[2018-12-26 00:02:41,195: INFO/MainProcess] Received task: src.tasks.verurl[20b2084b-d7d1-4014-8f59-0bd9cde4c3b6]  
[2018-12-26 00:02:41,196: INFO/MainProcess] Received task: src.tasks.verurl[f1afcbed-a4ec-4535-abe8-8ed8f0d388fa]  
[2018-12-26 00:02:41,197: INFO/MainProcess] Received task: src.tasks.verurl[43891621-f02a-422c-b263-e1fb4d55f0fb]  
[2018-12-26 00:02:41,199: INFO/MainProcess] Received task: src.tasks.verurl[14178aad-bd3d-4bad-a7f5-8e5fbfa27a7d]  
[2018-12-26 01:00:00,078: INFO/Beat] Scheduler: Sending due task verurl (src.tasks.verurl)
[2018-12-26 01:00:00,080: INFO/MainProcess] Received task: src.tasks.verurl[696e694a-1f79-408d-8f92-2c364cfae5e3]  
[2018-12-26 01:02:41,594: INFO/MainProcess] Received task: src.tasks.verurl[14178aad-bd3d-4bad-a7f5-8e5fbfa27a7d]  
[2018-12-26 01:02:41,596: INFO/MainProcess] Received task: src.tasks.verurl[20b2084b-d7d1-4014-8f59-0bd9cde4c3b6]  
[2018-12-26 01:02:41,597: INFO/MainProcess] Received task: src.tasks.verurl[f1afcbed-a4ec-4535-abe8-8ed8f0d388fa]  
[2018-12-26 01:02:41,598: INFO/MainProcess] Received task: src.tasks.verurl[43891621-f02a-422c-b263-e1fb4d55f0fb]  
[2018-12-26 02:02:42,108: INFO/MainProcess] Received task: src.tasks.verurl[43891621-f02a-422c-b263-e1fb4d55f0fb]  
[2018-12-26 02:02:42,110: INFO/MainProcess] Received task: src.tasks.verurl[696e694a-1f79-408d-8f92-2c364cfae5e3]  
[2018-12-26 02:02:42,111: INFO/MainProcess] Received task: src.tasks.verurl[14178aad-bd3d-4bad-a7f5-8e5fbfa27a7d]  
[2018-12-26 02:02:42,113: INFO/MainProcess] Received task: src.tasks.verurl[20b2084b-d7d1-4014-8f59-0bd9cde4c3b6]  
[2018-12-26 02:02:42,114: INFO/MainProcess] Received task: src.tasks.verurl[f1afcbed-a4ec-4535-abe8-8ed8f0d388fa]  
[2018-12-26 03:02:42,608: INFO/MainProcess] Received task: src.tasks.verurl[f1afcbed-a4ec-4535-abe8-8ed8f0d388fa]  
[2018-12-26 03:02:42,609: INFO/MainProcess] Received task: src.tasks.verurl[43891621-f02a-422c-b263-e1fb4d55f0fb]  
[2018-12-26 03:02:42,610: INFO/MainProcess] Received task: src.tasks.verurl[696e694a-1f79-408d-8f92-2c364cfae5e3]  
[2018-12-26 03:02:42,611: INFO/MainProcess] Received task: src.tasks.verurl[14178aad-bd3d-4bad-a7f5-8e5fbfa27a7d]  
[2018-12-26 03:02:42,612: INFO/MainProcess] Received task: src.tasks.verurl[20b2084b-d7d1-4014-8f59-0bd9cde4c3b6]  
[2018-12-26 04:02:43,157: INFO/MainProcess] Received task: src.tasks.verurl[20b2084b-d7d1-4014-8f59-0bd9cde4c3b6]  
[2018-12-26 04:02:43,158: INFO/MainProcess] Received task: src.tasks.verurl[f1afcbed-a4ec-4535-abe8-8ed8f0d388fa]  
[2018-12-26 04:02:43,159: INFO/MainProcess] Received task: src.tasks.verurl[43891621-f02a-422c-b263-e1fb4d55f0fb]  
[2018-12-26 04:02:43,160: INFO/MainProcess] Received task: src.tasks.verurl[696e694a-1f79-408d-8f92-2c364cfae5e3]  
[2018-12-26 04:02:43,162: INFO/MainProcess] Received task: src.tasks.verurl[14178aad-bd3d-4bad-a7f5-8e5fbfa27a7d]  
[2018-12-26 05:02:43,705: INFO/MainProcess] Received task: src.tasks.verurl[14178aad-bd3d-4bad-a7f5-8e5fbfa27a7d]  
[2018-12-26 05:02:43,706: INFO/MainProcess] Received task: src.tasks.verurl[20b2084b-d7d1-4014-8f59-0bd9cde4c3b6]  
[2018-12-26 05:02:43,707: INFO/MainProcess] Received task: src.tasks.verurl[f1afcbed-a4ec-4535-abe8-8ed8f0d388fa]  
[2018-12-26 05:02:43,709: INFO/MainProcess] Received task: src.tasks.verurl[43891621-f02a-422c-b263-e1fb4d55f0fb]  
[2018-12-26 05:02:43,710: INFO/MainProcess] Received task: src.tasks.verurl[696e694a-1f79-408d-8f92-2c364cfae5e3]  
[2018-12-26 06:02:44,225: INFO/MainProcess] Received task: src.tasks.verurl[696e694a-1f79-408d-8f92-2c364cfae5e3]  
[2018-12-26 06:02:44,227: INFO/MainProcess] Received task: src.tasks.verurl[14178aad-bd3d-4bad-a7f5-8e5fbfa27a7d]  
[2018-12-26 06:02:44,229: INFO/MainProcess] Received task: src.tasks.verurl[20b2084b-d7d1-4014-8f59-0bd9cde4c3b6]  
[2018-12-26 06:02:44,231: INFO/MainProcess] Received task: src.tasks.verurl[f1afcbed-a4ec-4535-abe8-8ed8f0d388fa]  
[2018-12-26 06:02:44,232: INFO/MainProcess] Received task: src.tasks.verurl[43891621-f02a-422c-b263-e1fb4d55f0fb]  
[2018-12-26 07:02:44,711: INFO/MainProcess] Received task: src.tasks.verurl[43891621-f02a-422c-b263-e1fb4d55f0fb]  
[2018-12-26 07:02:44,712: INFO/MainProcess] Received task: src.tasks.verurl[696e694a-1f79-408d-8f92-2c364cfae5e3]  
[2018-12-26 07:02:44,713: INFO/MainProcess] Received task: src.tasks.verurl[14178aad-bd3d-4bad-a7f5-8e5fbfa27a7d]  
[2018-12-26 07:02:44,715: INFO/MainProcess] Received task: src.tasks.verurl[20b2084b-d7d1-4014-8f59-0bd9cde4c3b6]  
[2018-12-26 07:02:44,716: INFO/MainProcess] Received task: src.tasks.verurl[f1afcbed-a4ec-4535-abe8-8ed8f0d388fa]  
[2018-12-26 08:02:45,210: INFO/MainProcess] Received task: src.tasks.verurl[f1afcbed-a4ec-4535-abe8-8ed8f0d388fa]  
[2018-12-26 08:02:45,212: INFO/MainProcess] Received task: src.tasks.verurl[43891621-f02a-422c-b263-e1fb4d55f0fb]  
[2018-12-26 08:02:45,213: INFO/MainProcess] Received task: src.tasks.verurl[696e694a-1f79-408d-8f92-2c364cfae5e3]  
[2018-12-26 08:02:45,214: INFO/MainProcess] Received task: src.tasks.verurl[14178aad-bd3d-4bad-a7f5-8e5fbfa27a7d]  
[2018-12-26 08:02:45,216: INFO/MainProcess] Received task: src.tasks.verurl[20b2084b-d7d1-4014-8f59-0bd9cde4c3b6]  
[2018-12-26 09:02:45,708: INFO/MainProcess] Received task: src.tasks.verurl[20b2084b-d7d1-4014-8f59-0bd9cde4c3b6]  
[2018-12-26 09:02:45,710: INFO/MainProcess] Received task: src.tasks.verurl[f1afcbed-a4ec-4535-abe8-8ed8f0d388fa]  
[2018-12-26 09:02:45,711: INFO/MainProcess] Received task: src.tasks.verurl[43891621-f02a-422c-b263-e1fb4d55f0fb]  
[2018-12-26 09:02:45,712: INFO/MainProcess] Received task: src.tasks.verurl[696e694a-1f79-408d-8f92-2c364cfae5e3]  
[2018-12-26 09:02:45,713: INFO/MainProcess] Received task: src.tasks.verurl[14178aad-bd3d-4bad-a7f5-8e5fbfa27a7d]  
[2018-12-26 10:02:46,205: INFO/MainProcess] Received task: src.tasks.verurl[14178aad-bd3d-4bad-a7f5-8e5fbfa27a7d]  
[2018-12-26 10:02:46,206: INFO/MainProcess] Received task: src.tasks.verurl[20b2084b-d7d1-4014-8f59-0bd9cde4c3b6]  
[2018-12-26 10:02:46,208: INFO/MainProcess] Received task: src.tasks.verurl[f1afcbed-a4ec-4535-abe8-8ed8f0d388fa]  
[2018-12-26 10:02:46,209: INFO/MainProcess] Received task: src.tasks.verurl[43891621-f02a-422c-b263-e1fb4d55f0fb]  
[2018-12-26 10:02:46,210: INFO/MainProcess] Received task: src.tasks.verurl[696e694a-1f79-408d-8f92-2c364cfae5e3]  
[2018-12-26 11:02:46,705: INFO/MainProcess] Received task: src.tasks.verurl[696e694a-1f79-408d-8f92-2c364cfae5e3]  
[2018-12-26 11:02:46,706: INFO/MainProcess] Received task: src.tasks.verurl[14178aad-bd3d-4bad-a7f5-8e5fbfa27a7d]  
[2018-12-26 11:02:46,709: INFO/MainProcess] Received task: src.tasks.verurl[20b2084b-d7d1-4014-8f59-0bd9cde4c3b6]  
[2018-12-26 11:02:46,710: INFO/MainProcess] Received task: src.tasks.verurl[f1afcbed-a4ec-4535-abe8-8ed8f0d388fa]  
[2018-12-26 11:02:46,711: INFO/MainProcess] Received task: src.tasks.verurl[43891621-f02a-422c-b263-e1fb4d55f0fb]  
[2018-12-26 12:02:47,145: INFO/MainProcess] Received task: src.tasks.verurl[43891621-f02a-422c-b263-e1fb4d55f0fb]  
[2018-12-26 12:02:47,147: INFO/MainProcess] Received task: src.tasks.verurl[696e694a-1f79-408d-8f92-2c364cfae5e3]  
[2018-12-26 12:02:47,148: INFO/MainProcess] Received task: src.tasks.verurl[14178aad-bd3d-4bad-a7f5-8e5fbfa27a7d]  
[2018-12-26 12:02:47,149: INFO/MainProcess] Received task: src.tasks.verurl[20b2084b-d7d1-4014-8f59-0bd9cde4c3b6]  
[2018-12-26 12:02:47,150: INFO/MainProcess] Received task: src.tasks.verurl[f1afcbed-a4ec-4535-abe8-8ed8f0d388fa]  
[2018-12-26 13:02:47,646: INFO/MainProcess] Received task: src.tasks.verurl[f1afcbed-a4ec-4535-abe8-8ed8f0d388fa]  
[2018-12-26 13:02:47,648: INFO/MainProcess] Received task: src.tasks.verurl[43891621-f02a-422c-b263-e1fb4d55f0fb]  
[2018-12-26 13:02:47,649: INFO/MainProcess] Received task: src.tasks.verurl[696e694a-1f79-408d-8f92-2c364cfae5e3]  
[2018-12-26 13:02:47,650: INFO/MainProcess] Received task: src.tasks.verurl[14178aad-bd3d-4bad-a7f5-8e5fbfa27a7d]  
[2018-12-26 13:02:47,651: INFO/MainProcess] Received task: src.tasks.verurl[20b2084b-d7d1-4014-8f59-0bd9cde4c3b6]  
[2018-12-26 14:02:48,150: INFO/MainProcess] Received task: src.tasks.verurl[20b2084b-d7d1-4014-8f59-0bd9cde4c3b6]  
[2018-12-26 14:02:48,152: INFO/MainProcess] Received task: src.tasks.verurl[f1afcbed-a4ec-4535-abe8-8ed8f0d388fa]  
[2018-12-26 14:02:48,153: INFO/MainProcess] Received task: src.tasks.verurl[43891621-f02a-422c-b263-e1fb4d55f0fb]  
[2018-12-26 14:02:48,154: INFO/MainProcess] Received task: src.tasks.verurl[696e694a-1f79-408d-8f92-2c364cfae5e3]  
[2018-12-26 14:02:48,155: INFO/MainProcess] Received task: src.tasks.verurl[14178aad-bd3d-4bad-a7f5-8e5fbfa27a7d]  
[2018-12-26 15:02:48,678: INFO/MainProcess] Received task: src.tasks.verurl[14178aad-bd3d-4bad-a7f5-8e5fbfa27a7d]  
[2018-12-26 15:02:48,679: INFO/MainProcess] Received task: src.tasks.verurl[20b2084b-d7d1-4014-8f59-0bd9cde4c3b6]  
[2018-12-26 15:02:48,681: INFO/MainProcess] Received task: src.tasks.verurl[f1afcbed-a4ec-4535-abe8-8ed8f0d388fa]  
[2018-12-26 15:02:48,682: INFO/MainProcess] Received task: src.tasks.verurl[43891621-f02a-422c-b263-e1fb4d55f0fb]  
[2018-12-26 15:02:48,683: INFO/MainProcess] Received task: src.tasks.verurl[696e694a-1f79-408d-8f92-2c364cfae5e3]  
[2018-12-26 16:02:49,154: INFO/MainProcess] Received task: src.tasks.verurl[696e694a-1f79-408d-8f92-2c364cfae5e3]  
[2018-12-26 16:02:49,155: INFO/MainProcess] Received task: src.tasks.verurl[14178aad-bd3d-4bad-a7f5-8e5fbfa27a7d]  
[2018-12-26 16:02:49,156: INFO/MainProcess] Received task: src.tasks.verurl[20b2084b-d7d1-4014-8f59-0bd9cde4c3b6]  
[2018-12-26 16:02:49,157: INFO/MainProcess] Received task: src.tasks.verurl[f1afcbed-a4ec-4535-abe8-8ed8f0d388fa]  
[2018-12-26 16:02:49,159: INFO/MainProcess] Received task: src.tasks.verurl[43891621-f02a-422c-b263-e1fb4d55f0fb]  
[2018-12-26 17:02:49,669: INFO/MainProcess] Received task: src.tasks.verurl[43891621-f02a-422c-b263-e1fb4d55f0fb]  
[2018-12-26 17:02:49,670: INFO/MainProcess] Received task: src.tasks.verurl[696e694a-1f79-408d-8f92-2c364cfae5e3]  
[2018-12-26 17:02:49,671: INFO/MainProcess] Received task: src.tasks.verurl[14178aad-bd3d-4bad-a7f5-8e5fbfa27a7d]  
[2018-12-26 17:02:49,672: INFO/MainProcess] Received task: src.tasks.verurl[20b2084b-d7d1-4014-8f59-0bd9cde4c3b6]  
[2018-12-26 17:02:49,673: INFO/MainProcess] Received task: src.tasks.verurl[f1afcbed-a4ec-4535-abe8-8ed8f0d388fa]  
[2018-12-26 18:02:50,162: INFO/MainProcess] Received task: src.tasks.verurl[f1afcbed-a4ec-4535-abe8-8ed8f0d388fa]  
[2018-12-26 18:02:50,163: INFO/MainProcess] Received task: src.tasks.verurl[43891621-f02a-422c-b263-e1fb4d55f0fb]  
[2018-12-26 18:02:50,164: INFO/MainProcess] Received task: src.tasks.verurl[696e694a-1f79-408d-8f92-2c364cfae5e3]  
[2018-12-26 18:02:50,166: INFO/MainProcess] Received task: src.tasks.verurl[14178aad-bd3d-4bad-a7f5-8e5fbfa27a7d]  
[2018-12-26 18:02:50,167: INFO/MainProcess] Received task: src.tasks.verurl[20b2084b-d7d1-4014-8f59-0bd9cde4c3b6]  
[2018-12-26 19:02:50,652: INFO/MainProcess] Received task: src.tasks.verurl[20b2084b-d7d1-4014-8f59-0bd9cde4c3b6]  
[2018-12-26 19:02:50,654: INFO/MainProcess] Received task: src.tasks.verurl[f1afcbed-a4ec-4535-abe8-8ed8f0d388fa]  
[2018-12-26 19:02:50,656: INFO/MainProcess] Received task: src.tasks.verurl[43891621-f02a-422c-b263-e1fb4d55f0fb]  
[2018-12-26 19:02:50,658: INFO/MainProcess] Received task: src.tasks.verurl[696e694a-1f79-408d-8f92-2c364cfae5e3]  
[2018-12-26 19:02:50,659: INFO/MainProcess] Received task: src.tasks.verurl[14178aad-bd3d-4bad-a7f5-8e5fbfa27a7d]  
[2018-12-26 20:02:51,169: INFO/MainProcess] Received task: src.tasks.verurl[14178aad-bd3d-4bad-a7f5-8e5fbfa27a7d]  
[2018-12-26 20:02:51,170: INFO/MainProcess] Received task: src.tasks.verurl[20b2084b-d7d1-4014-8f59-0bd9cde4c3b6]  
[2018-12-26 20:02:51,172: INFO/MainProcess] Received task: src.tasks.verurl[f1afcbed-a4ec-4535-abe8-8ed8f0d388fa]  
[2018-12-26 20:02:51,173: INFO/MainProcess] Received task: src.tasks.verurl[43891621-f02a-422c-b263-e1fb4d55f0fb]  
[2018-12-26 20:02:51,174: INFO/MainProcess] Received task: src.tasks.verurl[696e694a-1f79-408d-8f92-2c364cfae5e3]  
[2018-12-26 21:02:51,646: INFO/MainProcess] Received task: src.tasks.verurl[696e694a-1f79-408d-8f92-2c364cfae5e3]  
[2018-12-26 21:02:51,647: INFO/MainProcess] Received task: src.tasks.verurl[14178aad-bd3d-4bad-a7f5-8e5fbfa27a7d]  
[2018-12-26 21:02:51,649: INFO/MainProcess] Received task: src.tasks.verurl[20b2084b-d7d1-4014-8f59-0bd9cde4c3b6]  
[2018-12-26 21:02:51,650: INFO/MainProcess] Received task: src.tasks.verurl[f1afcbed-a4ec-4535-abe8-8ed8f0d388fa]  
[2018-12-26 21:02:51,651: INFO/MainProcess] Received task: src.tasks.verurl[43891621-f02a-422c-b263-e1fb4d55f0fb]  
[2018-12-26 22:02:52,132: INFO/MainProcess] Received task: src.tasks.verurl[43891621-f02a-422c-b263-e1fb4d55f0fb]  
[2018-12-26 22:02:52,134: INFO/MainProcess] Received task: src.tasks.verurl[696e694a-1f79-408d-8f92-2c364cfae5e3]  
[2018-12-26 22:02:52,135: INFO/MainProcess] Received task: src.tasks.verurl[14178aad-bd3d-4bad-a7f5-8e5fbfa27a7d]  
[2018-12-26 22:02:52,136: INFO/MainProcess] Received task: src.tasks.verurl[20b2084b-d7d1-4014-8f59-0bd9cde4c3b6]  
[2018-12-26 22:02:52,137: INFO/MainProcess] Received task: src.tasks.verurl[f1afcbed-a4ec-4535-abe8-8ed8f0d388fa]  
[2018-12-26 23:02:52,560: INFO/MainProcess] Received task: src.tasks.verurl[f1afcbed-a4ec-4535-abe8-8ed8f0d388fa]  
[2018-12-26 23:02:52,561: INFO/MainProcess] Received task: src.tasks.verurl[43891621-f02a-422c-b263-e1fb4d55f0fb]  
[2018-12-26 23:02:52,562: INFO/MainProcess] Received task: src.tasks.verurl[696e694a-1f79-408d-8f92-2c364cfae5e3]  
[2018-12-26 23:02:52,563: INFO/MainProcess] Received task: src.tasks.verurl[14178aad-bd3d-4bad-a7f5-8e5fbfa27a7d]  
[2018-12-26 23:02:52,564: INFO/MainProcess] Received task: src.tasks.verurl[20b2084b-d7d1-4014-8f59-0bd9cde4c3b6]  
[2018-12-27 00:02:53,060: INFO/MainProcess] Received task: src.tasks.verurl[20b2084b-d7d1-4014-8f59-0bd9cde4c3b6]  
[2018-12-27 00:02:53,062: INFO/MainProcess] Received task: src.tasks.verurl[f1afcbed-a4ec-4535-abe8-8ed8f0d388fa]  
[2018-12-27 00:02:53,063: INFO/MainProcess] Received task: src.tasks.verurl[43891621-f02a-422c-b263-e1fb4d55f0fb]  
[2018-12-27 00:02:53,064: INFO/MainProcess] Received task: src.tasks.verurl[696e694a-1f79-408d-8f92-2c364cfae5e3]  
[2018-12-27 00:02:53,065: INFO/MainProcess] Received task: src.tasks.verurl[14178aad-bd3d-4bad-a7f5-8e5fbfa27a7d]  
[2018-12-27 01:00:00,062: INFO/Beat] Scheduler: Sending due task verurl (src.tasks.verurl)
[2018-12-27 01:00:00,063: INFO/MainProcess] Received task: src.tasks.verurl[3f84ccbe-2407-4a8e-806a-f0d4bfd3228d]  
[2018-12-27 01:02:53,638: INFO/MainProcess] Received task: src.tasks.verurl[14178aad-bd3d-4bad-a7f5-8e5fbfa27a7d]  
[2018-12-27 01:02:53,640: INFO/MainProcess] Received task: src.tasks.verurl[20b2084b-d7d1-4014-8f59-0bd9cde4c3b6]  
[2018-12-27 01:02:53,642: INFO/MainProcess] Received task: src.tasks.verurl[f1afcbed-a4ec-4535-abe8-8ed8f0d388fa]  
[2018-12-27 01:02:53,643: INFO/MainProcess] Received task: src.tasks.verurl[43891621-f02a-422c-b263-e1fb4d55f0fb]  
[2018-12-27 01:02:53,644: INFO/MainProcess] Received task: src.tasks.verurl[696e694a-1f79-408d-8f92-2c364cfae5e3]  
[2018-12-27 02:02:54,155: INFO/MainProcess] Received task: src.tasks.verurl[696e694a-1f79-408d-8f92-2c364cfae5e3]  
[2018-12-27 02:02:54,157: INFO/MainProcess] Received task: src.tasks.verurl[3f84ccbe-2407-4a8e-806a-f0d4bfd3228d]  
[2018-12-27 02:02:54,159: INFO/MainProcess] Received task: src.tasks.verurl[14178aad-bd3d-4bad-a7f5-8e5fbfa27a7d]  
[2018-12-27 02:02:54,160: INFO/MainProcess] Received task: src.tasks.verurl[20b2084b-d7d1-4014-8f59-0bd9cde4c3b6]  
[2018-12-27 02:02:54,161: INFO/MainProcess] Received task: src.tasks.verurl[f1afcbed-a4ec-4535-abe8-8ed8f0d388fa]  
[2018-12-27 02:02:54,163: INFO/MainProcess] Received task: src.tasks.verurl[43891621-f02a-422c-b263-e1fb4d55f0fb]  
[2018-12-27 03:02:54,623: INFO/MainProcess] Received task: src.tasks.verurl[43891621-f02a-422c-b263-e1fb4d55f0fb]  
[2018-12-27 03:02:54,624: INFO/MainProcess] Received task: src.tasks.verurl[696e694a-1f79-408d-8f92-2c364cfae5e3]  
[2018-12-27 03:02:54,625: INFO/MainProcess] Received task: src.tasks.verurl[3f84ccbe-2407-4a8e-806a-f0d4bfd3228d]  
[2018-12-27 03:02:54,626: INFO/MainProcess] Received task: src.tasks.verurl[14178aad-bd3d-4bad-a7f5-8e5fbfa27a7d]  
[2018-12-27 03:02:54,627: INFO/MainProcess] Received task: src.tasks.verurl[20b2084b-d7d1-4014-8f59-0bd9cde4c3b6]  
[2018-12-27 03:02:54,629: INFO/MainProcess] Received task: src.tasks.verurl[f1afcbed-a4ec-4535-abe8-8ed8f0d388fa]  
[2018-12-27 04:02:55,133: INFO/MainProcess] Received task: src.tasks.verurl[f1afcbed-a4ec-4535-abe8-8ed8f0d388fa]  
[2018-12-27 04:02:55,135: INFO/MainProcess] Received task: src.tasks.verurl[43891621-f02a-422c-b263-e1fb4d55f0fb]  
[2018-12-27 04:02:55,136: INFO/MainProcess] Received task: src.tasks.verurl[696e694a-1f79-408d-8f92-2c364cfae5e3]  
[2018-12-27 04:02:55,137: INFO/MainProcess] Received task: src.tasks.verurl[3f84ccbe-2407-4a8e-806a-f0d4bfd3228d]  
[2018-12-27 04:02:55,139: INFO/MainProcess] Received task: src.tasks.verurl[14178aad-bd3d-4bad-a7f5-8e5fbfa27a7d]  
[2018-12-27 04:02:55,140: INFO/MainProcess] Received task: src.tasks.verurl[20b2084b-d7d1-4014-8f59-0bd9cde4c3b6]  
[2018-12-27 05:02:55,633: INFO/MainProcess] Received task: src.tasks.verurl[20b2084b-d7d1-4014-8f59-0bd9cde4c3b6]  
[2018-12-27 05:02:55,634: INFO/MainProcess] Received task: src.tasks.verurl[f1afcbed-a4ec-4535-abe8-8ed8f0d388fa]  
[2018-12-27 05:02:55,635: INFO/MainProcess] Received task: src.tasks.verurl[43891621-f02a-422c-b263-e1fb4d55f0fb]  
[2018-12-27 05:02:55,637: INFO/MainProcess] Received task: src.tasks.verurl[696e694a-1f79-408d-8f92-2c364cfae5e3]  
[2018-12-27 05:02:55,638: INFO/MainProcess] Received task: src.tasks.verurl[3f84ccbe-2407-4a8e-806a-f0d4bfd3228d]  
[2018-12-27 05:02:55,639: INFO/MainProcess] Received task: src.tasks.verurl[14178aad-bd3d-4bad-a7f5-8e5fbfa27a7d]  
[2018-12-27 06:02:56,116: INFO/MainProcess] Received task: src.tasks.verurl[14178aad-bd3d-4bad-a7f5-8e5fbfa27a7d]  
[2018-12-27 06:02:56,117: INFO/MainProcess] Received task: src.tasks.verurl[20b2084b-d7d1-4014-8f59-0bd9cde4c3b6]  
[2018-12-27 06:02:56,119: INFO/MainProcess] Received task: src.tasks.verurl[f1afcbed-a4ec-4535-abe8-8ed8f0d388fa]  
[2018-12-27 06:02:56,121: INFO/MainProcess] Received task: src.tasks.verurl[43891621-f02a-422c-b263-e1fb4d55f0fb]  
[2018-12-27 06:02:56,122: INFO/MainProcess] Received task: src.tasks.verurl[696e694a-1f79-408d-8f92-2c364cfae5e3]  
[2018-12-27 06:02:56,123: INFO/MainProcess] Received task: src.tasks.verurl[3f84ccbe-2407-4a8e-806a-f0d4bfd3228d]  
[2018-12-27 07:02:56,650: INFO/MainProcess] Received task: src.tasks.verurl[3f84ccbe-2407-4a8e-806a-f0d4bfd3228d]  
[2018-12-27 07:02:56,652: INFO/MainProcess] Received task: src.tasks.verurl[14178aad-bd3d-4bad-a7f5-8e5fbfa27a7d]  
[2018-12-27 07:02:56,653: INFO/MainProcess] Received task: src.tasks.verurl[20b2084b-d7d1-4014-8f59-0bd9cde4c3b6]  
[2018-12-27 07:02:56,654: INFO/MainProcess] Received task: src.tasks.verurl[f1afcbed-a4ec-4535-abe8-8ed8f0d388fa]  
[2018-12-27 07:02:56,655: INFO/MainProcess] Received task: src.tasks.verurl[43891621-f02a-422c-b263-e1fb4d55f0fb]  
[2018-12-27 07:02:56,659: INFO/MainProcess] Received task: src.tasks.verurl[696e694a-1f79-408d-8f92-2c364cfae5e3]  
[2018-12-27 08:02:57,147: INFO/MainProcess] Received task: src.tasks.verurl[696e694a-1f79-408d-8f92-2c364cfae5e3]  
[2018-12-27 08:02:57,148: INFO/MainProcess] Received task: src.tasks.verurl[3f84ccbe-2407-4a8e-806a-f0d4bfd3228d]  
[2018-12-27 08:02:57,149: INFO/MainProcess] Received task: src.tasks.verurl[14178aad-bd3d-4bad-a7f5-8e5fbfa27a7d]  
[2018-12-27 08:02:57,151: INFO/MainProcess] Received task: src.tasks.verurl[20b2084b-d7d1-4014-8f59-0bd9cde4c3b6]  
[2018-12-27 08:02:57,152: INFO/MainProcess] Received task: src.tasks.verurl[f1afcbed-a4ec-4535-abe8-8ed8f0d388fa]  
[2018-12-27 08:02:57,153: INFO/MainProcess] Received task: src.tasks.verurl[43891621-f02a-422c-b263-e1fb4d55f0fb]  
[2018-12-27 09:02:57,646: INFO/MainProcess] Received task: src.tasks.verurl[43891621-f02a-422c-b263-e1fb4d55f0fb]  
[2018-12-27 09:02:57,648: INFO/MainProcess] Received task: src.tasks.verurl[696e694a-1f79-408d-8f92-2c364cfae5e3]  
[2018-12-27 09:02:57,649: INFO/MainProcess] Received task: src.tasks.verurl[3f84ccbe-2407-4a8e-806a-f0d4bfd3228d]  
[2018-12-27 09:02:57,650: INFO/MainProcess] Received task: src.tasks.verurl[14178aad-bd3d-4bad-a7f5-8e5fbfa27a7d]  
[2018-12-27 09:02:57,652: INFO/MainProcess] Received task: src.tasks.verurl[20b2084b-d7d1-4014-8f59-0bd9cde4c3b6]  
[2018-12-27 09:02:57,653: INFO/MainProcess] Received task: src.tasks.verurl[f1afcbed-a4ec-4535-abe8-8ed8f0d388fa]  
[2018-12-27 10:02:58,098: INFO/MainProcess] Received task: src.tasks.verurl[f1afcbed-a4ec-4535-abe8-8ed8f0d388fa]  
[2018-12-27 10:02:58,100: INFO/MainProcess] Received task: src.tasks.verurl[43891621-f02a-422c-b263-e1fb4d55f0fb]  
[2018-12-27 10:02:58,101: INFO/MainProcess] Received task: src.tasks.verurl[696e694a-1f79-408d-8f92-2c364cfae5e3]  
[2018-12-27 10:02:58,103: INFO/MainProcess] Received task: src.tasks.verurl[3f84ccbe-2407-4a8e-806a-f0d4bfd3228d]  
[2018-12-27 10:02:58,104: INFO/MainProcess] Received task: src.tasks.verurl[14178aad-bd3d-4bad-a7f5-8e5fbfa27a7d]  
[2018-12-27 10:02:58,106: INFO/MainProcess] Received task: src.tasks.verurl[20b2084b-d7d1-4014-8f59-0bd9cde4c3b6]  
[2018-12-27 11:02:58,589: INFO/MainProcess] Received task: src.tasks.verurl[20b2084b-d7d1-4014-8f59-0bd9cde4c3b6]  
[2018-12-27 11:02:58,591: INFO/MainProcess] Received task: src.tasks.verurl[f1afcbed-a4ec-4535-abe8-8ed8f0d388fa]  
[2018-12-27 11:02:58,592: INFO/MainProcess] Received task: src.tasks.verurl[43891621-f02a-422c-b263-e1fb4d55f0fb]  
[2018-12-27 11:02:58,593: INFO/MainProcess] Received task: src.tasks.verurl[696e694a-1f79-408d-8f92-2c364cfae5e3]  
[2018-12-27 11:02:58,594: INFO/MainProcess] Received task: src.tasks.verurl[3f84ccbe-2407-4a8e-806a-f0d4bfd3228d]  
[2018-12-27 11:02:58,595: INFO/MainProcess] Received task: src.tasks.verurl[14178aad-bd3d-4bad-a7f5-8e5fbfa27a7d]  
[2018-12-27 12:02:59,083: INFO/MainProcess] Received task: src.tasks.verurl[14178aad-bd3d-4bad-a7f5-8e5fbfa27a7d]  
[2018-12-27 12:02:59,084: INFO/MainProcess] Received task: src.tasks.verurl[20b2084b-d7d1-4014-8f59-0bd9cde4c3b6]  
[2018-12-27 12:02:59,086: INFO/MainProcess] Received task: src.tasks.verurl[f1afcbed-a4ec-4535-abe8-8ed8f0d388fa]  
[2018-12-27 12:02:59,087: INFO/MainProcess] Received task: src.tasks.verurl[43891621-f02a-422c-b263-e1fb4d55f0fb]  
[2018-12-27 12:02:59,088: INFO/MainProcess] Received task: src.tasks.verurl[696e694a-1f79-408d-8f92-2c364cfae5e3]  
[2018-12-27 12:02:59,089: INFO/MainProcess] Received task: src.tasks.verurl[3f84ccbe-2407-4a8e-806a-f0d4bfd3228d]  
[2018-12-27 13:02:59,623: INFO/MainProcess] Received task: src.tasks.verurl[3f84ccbe-2407-4a8e-806a-f0d4bfd3228d]  
[2018-12-27 13:02:59,625: INFO/MainProcess] Received task: src.tasks.verurl[14178aad-bd3d-4bad-a7f5-8e5fbfa27a7d]  
[2018-12-27 13:02:59,626: INFO/MainProcess] Received task: src.tasks.verurl[20b2084b-d7d1-4014-8f59-0bd9cde4c3b6]  
[2018-12-27 13:02:59,627: INFO/MainProcess] Received task: src.tasks.verurl[f1afcbed-a4ec-4535-abe8-8ed8f0d388fa]  
[2018-12-27 13:02:59,628: INFO/MainProcess] Received task: src.tasks.verurl[43891621-f02a-422c-b263-e1fb4d55f0fb]  
[2018-12-27 13:02:59,629: INFO/MainProcess] Received task: src.tasks.verurl[696e694a-1f79-408d-8f92-2c364cfae5e3]  
[2018-12-27 14:03:00,106: INFO/MainProcess] Received task: src.tasks.verurl[696e694a-1f79-408d-8f92-2c364cfae5e3]  
[2018-12-27 14:03:00,107: INFO/MainProcess] Received task: src.tasks.verurl[3f84ccbe-2407-4a8e-806a-f0d4bfd3228d]  
[2018-12-27 14:03:00,109: INFO/MainProcess] Received task: src.tasks.verurl[14178aad-bd3d-4bad-a7f5-8e5fbfa27a7d]  
[2018-12-27 14:03:00,110: INFO/MainProcess] Received task: src.tasks.verurl[20b2084b-d7d1-4014-8f59-0bd9cde4c3b6]  
[2018-12-27 14:03:00,111: INFO/MainProcess] Received task: src.tasks.verurl[f1afcbed-a4ec-4535-abe8-8ed8f0d388fa]  
[2018-12-27 14:03:00,112: INFO/MainProcess] Received task: src.tasks.verurl[43891621-f02a-422c-b263-e1fb4d55f0fb]  
[2018-12-27 15:03:00,662: INFO/MainProcess] Received task: src.tasks.verurl[43891621-f02a-422c-b263-e1fb4d55f0fb]  
[2018-12-27 15:03:00,663: INFO/MainProcess] Received task: src.tasks.verurl[696e694a-1f79-408d-8f92-2c364cfae5e3]  
[2018-12-27 15:03:00,665: INFO/MainProcess] Received task: src.tasks.verurl[3f84ccbe-2407-4a8e-806a-f0d4bfd3228d]  
[2018-12-27 15:03:00,666: INFO/MainProcess] Received task: src.tasks.verurl[14178aad-bd3d-4bad-a7f5-8e5fbfa27a7d]  
[2018-12-27 15:03:00,667: INFO/MainProcess] Received task: src.tasks.verurl[20b2084b-d7d1-4014-8f59-0bd9cde4c3b6]  
[2018-12-27 15:03:00,668: INFO/MainProcess] Received task: src.tasks.verurl[f1afcbed-a4ec-4535-abe8-8ed8f0d388fa]  
[2018-12-27 16:03:01,162: INFO/MainProcess] Received task: src.tasks.verurl[f1afcbed-a4ec-4535-abe8-8ed8f0d388fa]  
[2018-12-27 16:03:01,164: INFO/MainProcess] Received task: src.tasks.verurl[43891621-f02a-422c-b263-e1fb4d55f0fb]  
[2018-12-27 16:03:01,165: INFO/MainProcess] Received task: src.tasks.verurl[696e694a-1f79-408d-8f92-2c364cfae5e3]  
[2018-12-27 16:03:01,166: INFO/MainProcess] Received task: src.tasks.verurl[3f84ccbe-2407-4a8e-806a-f0d4bfd3228d]  
[2018-12-27 16:03:01,168: INFO/MainProcess] Received task: src.tasks.verurl[14178aad-bd3d-4bad-a7f5-8e5fbfa27a7d]  
[2018-12-27 16:03:01,170: INFO/MainProcess] Received task: src.tasks.verurl[20b2084b-d7d1-4014-8f59-0bd9cde4c3b6]  
[2018-12-27 17:03:01,638: INFO/MainProcess] Received task: src.tasks.verurl[20b2084b-d7d1-4014-8f59-0bd9cde4c3b6]  
[2018-12-27 17:03:01,639: INFO/MainProcess] Received task: src.tasks.verurl[f1afcbed-a4ec-4535-abe8-8ed8f0d388fa]  
[2018-12-27 17:03:01,641: INFO/MainProcess] Received task: src.tasks.verurl[43891621-f02a-422c-b263-e1fb4d55f0fb]  
[2018-12-27 17:03:01,642: INFO/MainProcess] Received task: src.tasks.verurl[696e694a-1f79-408d-8f92-2c364cfae5e3]  
[2018-12-27 17:03:01,643: INFO/MainProcess] Received task: src.tasks.verurl[3f84ccbe-2407-4a8e-806a-f0d4bfd3228d]  
[2018-12-27 17:03:01,644: INFO/MainProcess] Received task: src.tasks.verurl[14178aad-bd3d-4bad-a7f5-8e5fbfa27a7d]  
[2018-12-27 18:03:02,139: INFO/MainProcess] Received task: src.tasks.verurl[14178aad-bd3d-4bad-a7f5-8e5fbfa27a7d]  
[2018-12-27 18:03:02,140: INFO/MainProcess] Received task: src.tasks.verurl[20b2084b-d7d1-4014-8f59-0bd9cde4c3b6]  
[2018-12-27 18:03:02,141: INFO/MainProcess] Received task: src.tasks.verurl[f1afcbed-a4ec-4535-abe8-8ed8f0d388fa]  
[2018-12-27 18:03:02,143: INFO/MainProcess] Received task: src.tasks.verurl[43891621-f02a-422c-b263-e1fb4d55f0fb]  
[2018-12-27 18:03:02,144: INFO/MainProcess] Received task: src.tasks.verurl[696e694a-1f79-408d-8f92-2c364cfae5e3]  
[2018-12-27 18:03:02,145: INFO/MainProcess] Received task: src.tasks.verurl[3f84ccbe-2407-4a8e-806a-f0d4bfd3228d]  
[2018-12-27 19:03:02,650: INFO/MainProcess] Received task: src.tasks.verurl[3f84ccbe-2407-4a8e-806a-f0d4bfd3228d]  
[2018-12-27 19:03:02,652: INFO/MainProcess] Received task: src.tasks.verurl[14178aad-bd3d-4bad-a7f5-8e5fbfa27a7d]  
[2018-12-27 19:03:02,653: INFO/MainProcess] Received task: src.tasks.verurl[20b2084b-d7d1-4014-8f59-0bd9cde4c3b6]  
[2018-12-27 19:03:02,655: INFO/MainProcess] Received task: src.tasks.verurl[f1afcbed-a4ec-4535-abe8-8ed8f0d388fa]  
[2018-12-27 19:03:02,656: INFO/MainProcess] Received task: src.tasks.verurl[43891621-f02a-422c-b263-e1fb4d55f0fb]  
[2018-12-27 19:03:02,657: INFO/MainProcess] Received task: src.tasks.verurl[696e694a-1f79-408d-8f92-2c364cfae5e3]  
[2018-12-27 20:03:03,120: INFO/MainProcess] Received task: src.tasks.verurl[696e694a-1f79-408d-8f92-2c364cfae5e3]  
[2018-12-27 20:03:03,121: INFO/MainProcess] Received task: src.tasks.verurl[3f84ccbe-2407-4a8e-806a-f0d4bfd3228d]  
[2018-12-27 20:03:03,122: INFO/MainProcess] Received task: src.tasks.verurl[14178aad-bd3d-4bad-a7f5-8e5fbfa27a7d]  
[2018-12-27 20:03:03,123: INFO/MainProcess] Received task: src.tasks.verurl[20b2084b-d7d1-4014-8f59-0bd9cde4c3b6]  
[2018-12-27 20:03:03,125: INFO/MainProcess] Received task: src.tasks.verurl[f1afcbed-a4ec-4535-abe8-8ed8f0d388fa]  
[2018-12-27 20:03:03,126: INFO/MainProcess] Received task: src.tasks.verurl[43891621-f02a-422c-b263-e1fb4d55f0fb]  
[2018-12-27 21:03:03,543: INFO/MainProcess] Received task: src.tasks.verurl[43891621-f02a-422c-b263-e1fb4d55f0fb]  
[2018-12-27 21:03:03,545: INFO/MainProcess] Received task: src.tasks.verurl[696e694a-1f79-408d-8f92-2c364cfae5e3]  
[2018-12-27 21:03:03,546: INFO/MainProcess] Received task: src.tasks.verurl[3f84ccbe-2407-4a8e-806a-f0d4bfd3228d]  
[2018-12-27 21:03:03,547: INFO/MainProcess] Received task: src.tasks.verurl[14178aad-bd3d-4bad-a7f5-8e5fbfa27a7d]  
[2018-12-27 21:03:03,548: INFO/MainProcess] Received task: src.tasks.verurl[20b2084b-d7d1-4014-8f59-0bd9cde4c3b6]  
[2018-12-27 21:03:03,550: INFO/MainProcess] Received task: src.tasks.verurl[f1afcbed-a4ec-4535-abe8-8ed8f0d388fa]  
[2018-12-27 22:03:04,045: INFO/MainProcess] Received task: src.tasks.verurl[f1afcbed-a4ec-4535-abe8-8ed8f0d388fa]  
[2018-12-27 22:03:04,047: INFO/MainProcess] Received task: src.tasks.verurl[43891621-f02a-422c-b263-e1fb4d55f0fb]  
[2018-12-27 22:03:04,048: INFO/MainProcess] Received task: src.tasks.verurl[696e694a-1f79-408d-8f92-2c364cfae5e3]  
[2018-12-27 22:03:04,049: INFO/MainProcess] Received task: src.tasks.verurl[3f84ccbe-2407-4a8e-806a-f0d4bfd3228d]  
[2018-12-27 22:03:04,051: INFO/MainProcess] Received task: src.tasks.verurl[14178aad-bd3d-4bad-a7f5-8e5fbfa27a7d]  
[2018-12-27 22:03:04,052: INFO/MainProcess] Received task: src.tasks.verurl[20b2084b-d7d1-4014-8f59-0bd9cde4c3b6]  
[2018-12-27 23:03:04,523: INFO/MainProcess] Received task: src.tasks.verurl[20b2084b-d7d1-4014-8f59-0bd9cde4c3b6]  
[2018-12-27 23:03:04,525: INFO/MainProcess] Received task: src.tasks.verurl[f1afcbed-a4ec-4535-abe8-8ed8f0d388fa]  
[2018-12-27 23:03:04,526: INFO/MainProcess] Received task: src.tasks.verurl[43891621-f02a-422c-b263-e1fb4d55f0fb]  
[2018-12-27 23:03:04,527: INFO/MainProcess] Received task: src.tasks.verurl[696e694a-1f79-408d-8f92-2c364cfae5e3]  
[2018-12-27 23:03:04,528: INFO/MainProcess] Received task: src.tasks.verurl[3f84ccbe-2407-4a8e-806a-f0d4bfd3228d]  
[2018-12-27 23:03:04,530: INFO/MainProcess] Received task: src.tasks.verurl[14178aad-bd3d-4bad-a7f5-8e5fbfa27a7d]  
[2018-12-28 00:03:05,016: INFO/MainProcess] Received task: src.tasks.verurl[14178aad-bd3d-4bad-a7f5-8e5fbfa27a7d]  
[2018-12-28 00:03:05,018: INFO/MainProcess] Received task: src.tasks.verurl[20b2084b-d7d1-4014-8f59-0bd9cde4c3b6]  
[2018-12-28 00:03:05,019: INFO/MainProcess] Received task: src.tasks.verurl[f1afcbed-a4ec-4535-abe8-8ed8f0d388fa]  
[2018-12-28 00:03:05,021: INFO/MainProcess] Received task: src.tasks.verurl[43891621-f02a-422c-b263-e1fb4d55f0fb]  
[2018-12-28 00:03:05,022: INFO/MainProcess] Received task: src.tasks.verurl[696e694a-1f79-408d-8f92-2c364cfae5e3]  
[2018-12-28 00:03:05,023: INFO/MainProcess] Received task: src.tasks.verurl[3f84ccbe-2407-4a8e-806a-f0d4bfd3228d]  
[2018-12-28 01:00:00,045: INFO/Beat] Scheduler: Sending due task verurl (src.tasks.verurl)
[2018-12-28 01:00:00,047: INFO/MainProcess] Received task: src.tasks.verurl[a45b35b1-3551-4a14-9f52-c0b7a2549721]  
[2018-12-28 01:03:05,507: INFO/MainProcess] Received task: src.tasks.verurl[3f84ccbe-2407-4a8e-806a-f0d4bfd3228d]  
[2018-12-28 01:03:05,508: INFO/MainProcess] Received task: src.tasks.verurl[14178aad-bd3d-4bad-a7f5-8e5fbfa27a7d]  
[2018-12-28 01:03:05,509: INFO/MainProcess] Received task: src.tasks.verurl[20b2084b-d7d1-4014-8f59-0bd9cde4c3b6]  
[2018-12-28 01:03:05,511: INFO/MainProcess] Received task: src.tasks.verurl[f1afcbed-a4ec-4535-abe8-8ed8f0d388fa]  
[2018-12-28 01:03:05,512: INFO/MainProcess] Received task: src.tasks.verurl[43891621-f02a-422c-b263-e1fb4d55f0fb]  
[2018-12-28 01:03:05,513: INFO/MainProcess] Received task: src.tasks.verurl[696e694a-1f79-408d-8f92-2c364cfae5e3]  
[2018-12-28 02:03:06,012: INFO/MainProcess] Received task: src.tasks.verurl[696e694a-1f79-408d-8f92-2c364cfae5e3]  
[2018-12-28 02:03:06,014: INFO/MainProcess] Received task: src.tasks.verurl[a45b35b1-3551-4a14-9f52-c0b7a2549721]  
[2018-12-28 02:03:06,015: INFO/MainProcess] Received task: src.tasks.verurl[3f84ccbe-2407-4a8e-806a-f0d4bfd3228d]  
[2018-12-28 02:03:06,016: INFO/MainProcess] Received task: src.tasks.verurl[14178aad-bd3d-4bad-a7f5-8e5fbfa27a7d]  
[2018-12-28 02:03:06,017: INFO/MainProcess] Received task: src.tasks.verurl[20b2084b-d7d1-4014-8f59-0bd9cde4c3b6]  
[2018-12-28 02:03:06,019: INFO/MainProcess] Received task: src.tasks.verurl[f1afcbed-a4ec-4535-abe8-8ed8f0d388fa]  
[2018-12-28 02:03:06,021: INFO/MainProcess] Received task: src.tasks.verurl[43891621-f02a-422c-b263-e1fb4d55f0fb]  
[2018-12-28 03:03:06,496: INFO/MainProcess] Received task: src.tasks.verurl[43891621-f02a-422c-b263-e1fb4d55f0fb]  
[2018-12-28 03:03:06,497: INFO/MainProcess] Received task: src.tasks.verurl[696e694a-1f79-408d-8f92-2c364cfae5e3]  
[2018-12-28 03:03:06,498: INFO/MainProcess] Received task: src.tasks.verurl[a45b35b1-3551-4a14-9f52-c0b7a2549721]  
[2018-12-28 03:03:06,499: INFO/MainProcess] Received task: src.tasks.verurl[3f84ccbe-2407-4a8e-806a-f0d4bfd3228d]  
[2018-12-28 03:03:06,500: INFO/MainProcess] Received task: src.tasks.verurl[14178aad-bd3d-4bad-a7f5-8e5fbfa27a7d]  
[2018-12-28 03:03:06,501: INFO/MainProcess] Received task: src.tasks.verurl[20b2084b-d7d1-4014-8f59-0bd9cde4c3b6]  
[2018-12-28 03:03:06,502: INFO/MainProcess] Received task: src.tasks.verurl[f1afcbed-a4ec-4535-abe8-8ed8f0d388fa]  
[2018-12-28 04:03:06,988: INFO/MainProcess] Received task: src.tasks.verurl[f1afcbed-a4ec-4535-abe8-8ed8f0d388fa]  
[2018-12-28 04:03:06,989: INFO/MainProcess] Received task: src.tasks.verurl[43891621-f02a-422c-b263-e1fb4d55f0fb]  
[2018-12-28 04:03:06,991: INFO/MainProcess] Received task: src.tasks.verurl[696e694a-1f79-408d-8f92-2c364cfae5e3]  
[2018-12-28 04:03:06,992: INFO/MainProcess] Received task: src.tasks.verurl[a45b35b1-3551-4a14-9f52-c0b7a2549721]  
[2018-12-28 04:03:06,993: INFO/MainProcess] Received task: src.tasks.verurl[3f84ccbe-2407-4a8e-806a-f0d4bfd3228d]  
[2018-12-28 04:03:06,994: INFO/MainProcess] Received task: src.tasks.verurl[14178aad-bd3d-4bad-a7f5-8e5fbfa27a7d]  
[2018-12-28 04:03:06,996: INFO/MainProcess] Received task: src.tasks.verurl[20b2084b-d7d1-4014-8f59-0bd9cde4c3b6]  
[2018-12-28 05:03:07,493: INFO/MainProcess] Received task: src.tasks.verurl[20b2084b-d7d1-4014-8f59-0bd9cde4c3b6]  
[2018-12-28 05:03:07,495: INFO/MainProcess] Received task: src.tasks.verurl[f1afcbed-a4ec-4535-abe8-8ed8f0d388fa]  
[2018-12-28 05:03:07,496: INFO/MainProcess] Received task: src.tasks.verurl[43891621-f02a-422c-b263-e1fb4d55f0fb]  
[2018-12-28 05:03:07,497: INFO/MainProcess] Received task: src.tasks.verurl[696e694a-1f79-408d-8f92-2c364cfae5e3]  
[2018-12-28 05:03:07,498: INFO/MainProcess] Received task: src.tasks.verurl[a45b35b1-3551-4a14-9f52-c0b7a2549721]  
[2018-12-28 05:03:07,499: INFO/MainProcess] Received task: src.tasks.verurl[3f84ccbe-2407-4a8e-806a-f0d4bfd3228d]  
[2018-12-28 05:03:07,501: INFO/MainProcess] Received task: src.tasks.verurl[14178aad-bd3d-4bad-a7f5-8e5fbfa27a7d]  
[2018-12-28 06:03:07,972: INFO/MainProcess] Received task: src.tasks.verurl[14178aad-bd3d-4bad-a7f5-8e5fbfa27a7d]  
[2018-12-28 06:03:07,973: INFO/MainProcess] Received task: src.tasks.verurl[20b2084b-d7d1-4014-8f59-0bd9cde4c3b6]  
[2018-12-28 06:03:07,974: INFO/MainProcess] Received task: src.tasks.verurl[f1afcbed-a4ec-4535-abe8-8ed8f0d388fa]  
[2018-12-28 06:03:07,975: INFO/MainProcess] Received task: src.tasks.verurl[43891621-f02a-422c-b263-e1fb4d55f0fb]  
[2018-12-28 06:03:07,977: INFO/MainProcess] Received task: src.tasks.verurl[696e694a-1f79-408d-8f92-2c364cfae5e3]  
[2018-12-28 06:03:07,978: INFO/MainProcess] Received task: src.tasks.verurl[a45b35b1-3551-4a14-9f52-c0b7a2549721]  
[2018-12-28 06:03:07,979: INFO/MainProcess] Received task: src.tasks.verurl[3f84ccbe-2407-4a8e-806a-f0d4bfd3228d]  
[2018-12-28 07:03:08,449: INFO/MainProcess] Received task: src.tasks.verurl[3f84ccbe-2407-4a8e-806a-f0d4bfd3228d]  
[2018-12-28 07:03:08,451: INFO/MainProcess] Received task: src.tasks.verurl[14178aad-bd3d-4bad-a7f5-8e5fbfa27a7d]  
[2018-12-28 07:03:08,453: INFO/MainProcess] Received task: src.tasks.verurl[20b2084b-d7d1-4014-8f59-0bd9cde4c3b6]  
[2018-12-28 07:03:08,454: INFO/MainProcess] Received task: src.tasks.verurl[f1afcbed-a4ec-4535-abe8-8ed8f0d388fa]  
[2018-12-28 07:03:08,455: INFO/MainProcess] Received task: src.tasks.verurl[43891621-f02a-422c-b263-e1fb4d55f0fb]  
[2018-12-28 07:03:08,456: INFO/MainProcess] Received task: src.tasks.verurl[696e694a-1f79-408d-8f92-2c364cfae5e3]  
[2018-12-28 07:03:08,458: INFO/MainProcess] Received task: src.tasks.verurl[a45b35b1-3551-4a14-9f52-c0b7a2549721]  
[2018-12-28 08:03:08,878: INFO/MainProcess] Received task: src.tasks.verurl[a45b35b1-3551-4a14-9f52-c0b7a2549721]  
[2018-12-28 08:03:08,880: INFO/MainProcess] Received task: src.tasks.verurl[3f84ccbe-2407-4a8e-806a-f0d4bfd3228d]  
[2018-12-28 08:03:08,881: INFO/MainProcess] Received task: src.tasks.verurl[14178aad-bd3d-4bad-a7f5-8e5fbfa27a7d]  
[2018-12-28 08:03:08,882: INFO/MainProcess] Received task: src.tasks.verurl[20b2084b-d7d1-4014-8f59-0bd9cde4c3b6]  
[2018-12-28 08:03:08,883: INFO/MainProcess] Received task: src.tasks.verurl[f1afcbed-a4ec-4535-abe8-8ed8f0d388fa]  
[2018-12-28 08:03:08,884: INFO/MainProcess] Received task: src.tasks.verurl[43891621-f02a-422c-b263-e1fb4d55f0fb]  
[2018-12-28 08:03:08,885: INFO/MainProcess] Received task: src.tasks.verurl[696e694a-1f79-408d-8f92-2c364cfae5e3]  
[2018-12-28 08:51:51,528: INFO/ForkPoolWorker-2] Task src.tasks.verurl[ac72fe28-41f3-43eb-9992-a737f1c7c1df] succeeded in 406385.33752413816s: None
[2018-12-28 09:03:09,369: INFO/MainProcess] Received task: src.tasks.verurl[696e694a-1f79-408d-8f92-2c364cfae5e3]  
[2018-12-28 09:03:09,370: INFO/MainProcess] Received task: src.tasks.verurl[a45b35b1-3551-4a14-9f52-c0b7a2549721]  
[2018-12-28 09:03:09,372: INFO/MainProcess] Received task: src.tasks.verurl[3f84ccbe-2407-4a8e-806a-f0d4bfd3228d]  
[2018-12-28 09:03:09,373: INFO/MainProcess] Received task: src.tasks.verurl[14178aad-bd3d-4bad-a7f5-8e5fbfa27a7d]  
[2018-12-28 09:03:09,374: INFO/MainProcess] Received task: src.tasks.verurl[20b2084b-d7d1-4014-8f59-0bd9cde4c3b6]  
[2018-12-28 09:03:09,375: INFO/MainProcess] Received task: src.tasks.verurl[f1afcbed-a4ec-4535-abe8-8ed8f0d388fa]  
[2018-12-28 09:03:09,376: INFO/MainProcess] Received task: src.tasks.verurl[43891621-f02a-422c-b263-e1fb4d55f0fb]  
[2018-12-28 10:03:09,869: INFO/MainProcess] Received task: src.tasks.verurl[43891621-f02a-422c-b263-e1fb4d55f0fb]  
[2018-12-28 10:03:09,871: INFO/MainProcess] Received task: src.tasks.verurl[696e694a-1f79-408d-8f92-2c364cfae5e3]  
[2018-12-28 10:03:09,872: INFO/MainProcess] Received task: src.tasks.verurl[a45b35b1-3551-4a14-9f52-c0b7a2549721]  
[2018-12-28 10:03:09,873: INFO/MainProcess] Received task: src.tasks.verurl[3f84ccbe-2407-4a8e-806a-f0d4bfd3228d]  
[2018-12-28 10:03:09,874: INFO/MainProcess] Received task: src.tasks.verurl[14178aad-bd3d-4bad-a7f5-8e5fbfa27a7d]  
[2018-12-28 10:03:09,875: INFO/MainProcess] Received task: src.tasks.verurl[20b2084b-d7d1-4014-8f59-0bd9cde4c3b6]  
[2018-12-28 10:03:09,876: INFO/MainProcess] Received task: src.tasks.verurl[f1afcbed-a4ec-4535-abe8-8ed8f0d388fa]  
[2018-12-28 11:03:10,398: INFO/MainProcess] Received task: src.tasks.verurl[f1afcbed-a4ec-4535-abe8-8ed8f0d388fa]  
[2018-12-28 11:03:10,399: INFO/MainProcess] Received task: src.tasks.verurl[43891621-f02a-422c-b263-e1fb4d55f0fb]  
[2018-12-28 11:03:10,400: INFO/MainProcess] Received task: src.tasks.verurl[696e694a-1f79-408d-8f92-2c364cfae5e3]  
[2018-12-28 11:03:10,402: INFO/MainProcess] Received task: src.tasks.verurl[a45b35b1-3551-4a14-9f52-c0b7a2549721]  
[2018-12-28 11:03:10,403: INFO/MainProcess] Received task: src.tasks.verurl[3f84ccbe-2407-4a8e-806a-f0d4bfd3228d]  
[2018-12-28 11:03:10,404: INFO/MainProcess] Received task: src.tasks.verurl[14178aad-bd3d-4bad-a7f5-8e5fbfa27a7d]  
[2018-12-28 11:03:10,405: INFO/MainProcess] Received task: src.tasks.verurl[20b2084b-d7d1-4014-8f59-0bd9cde4c3b6]  
[2018-12-28 12:03:10,952: INFO/MainProcess] Received task: src.tasks.verurl[20b2084b-d7d1-4014-8f59-0bd9cde4c3b6]  
[2018-12-28 12:03:10,954: INFO/MainProcess] Received task: src.tasks.verurl[f1afcbed-a4ec-4535-abe8-8ed8f0d388fa]  
[2018-12-28 12:03:10,955: INFO/MainProcess] Received task: src.tasks.verurl[43891621-f02a-422c-b263-e1fb4d55f0fb]  
[2018-12-28 12:03:10,956: INFO/MainProcess] Received task: src.tasks.verurl[696e694a-1f79-408d-8f92-2c364cfae5e3]  
[2018-12-28 12:03:10,957: INFO/MainProcess] Received task: src.tasks.verurl[a45b35b1-3551-4a14-9f52-c0b7a2549721]  
[2018-12-28 12:03:10,958: INFO/MainProcess] Received task: src.tasks.verurl[3f84ccbe-2407-4a8e-806a-f0d4bfd3228d]  
[2018-12-28 12:03:10,960: INFO/MainProcess] Received task: src.tasks.verurl[14178aad-bd3d-4bad-a7f5-8e5fbfa27a7d]  
[2018-12-28 13:03:11,440: INFO/MainProcess] Received task: src.tasks.verurl[14178aad-bd3d-4bad-a7f5-8e5fbfa27a7d]  
[2018-12-28 13:03:11,441: INFO/MainProcess] Received task: src.tasks.verurl[20b2084b-d7d1-4014-8f59-0bd9cde4c3b6]  
[2018-12-28 13:03:11,442: INFO/MainProcess] Received task: src.tasks.verurl[f1afcbed-a4ec-4535-abe8-8ed8f0d388fa]  
[2018-12-28 13:03:11,444: INFO/MainProcess] Received task: src.tasks.verurl[43891621-f02a-422c-b263-e1fb4d55f0fb]  
[2018-12-28 13:03:11,445: INFO/MainProcess] Received task: src.tasks.verurl[696e694a-1f79-408d-8f92-2c364cfae5e3]  
[2018-12-28 13:03:11,446: INFO/MainProcess] Received task: src.tasks.verurl[a45b35b1-3551-4a14-9f52-c0b7a2549721]  
[2018-12-28 13:03:11,447: INFO/MainProcess] Received task: src.tasks.verurl[3f84ccbe-2407-4a8e-806a-f0d4bfd3228d]  
[2018-12-28 14:03:11,952: INFO/MainProcess] Received task: src.tasks.verurl[3f84ccbe-2407-4a8e-806a-f0d4bfd3228d]  
[2018-12-28 14:03:11,953: INFO/MainProcess] Received task: src.tasks.verurl[14178aad-bd3d-4bad-a7f5-8e5fbfa27a7d]  
[2018-12-28 14:03:11,954: INFO/MainProcess] Received task: src.tasks.verurl[20b2084b-d7d1-4014-8f59-0bd9cde4c3b6]  
[2018-12-28 14:03:11,955: INFO/MainProcess] Received task: src.tasks.verurl[f1afcbed-a4ec-4535-abe8-8ed8f0d388fa]  
[2018-12-28 14:03:11,956: INFO/MainProcess] Received task: src.tasks.verurl[43891621-f02a-422c-b263-e1fb4d55f0fb]  
[2018-12-28 14:03:11,957: INFO/MainProcess] Received task: src.tasks.verurl[696e694a-1f79-408d-8f92-2c364cfae5e3]  
[2018-12-28 14:03:11,959: INFO/MainProcess] Received task: src.tasks.verurl[a45b35b1-3551-4a14-9f52-c0b7a2549721]  
[2018-12-28 15:03:12,434: INFO/MainProcess] Received task: src.tasks.verurl[a45b35b1-3551-4a14-9f52-c0b7a2549721]  
[2018-12-28 15:03:12,435: INFO/MainProcess] Received task: src.tasks.verurl[3f84ccbe-2407-4a8e-806a-f0d4bfd3228d]  
[2018-12-28 15:03:12,437: INFO/MainProcess] Received task: src.tasks.verurl[14178aad-bd3d-4bad-a7f5-8e5fbfa27a7d]  
[2018-12-28 15:03:12,438: INFO/MainProcess] Received task: src.tasks.verurl[20b2084b-d7d1-4014-8f59-0bd9cde4c3b6]  
[2018-12-28 15:03:12,439: INFO/MainProcess] Received task: src.tasks.verurl[f1afcbed-a4ec-4535-abe8-8ed8f0d388fa]  
[2018-12-28 15:03:12,440: INFO/MainProcess] Received task: src.tasks.verurl[43891621-f02a-422c-b263-e1fb4d55f0fb]  
[2018-12-28 15:03:12,441: INFO/MainProcess] Received task: src.tasks.verurl[696e694a-1f79-408d-8f92-2c364cfae5e3]  
[2018-12-28 16:03:12,974: INFO/MainProcess] Received task: src.tasks.verurl[696e694a-1f79-408d-8f92-2c364cfae5e3]  
[2018-12-28 16:03:12,976: INFO/MainProcess] Received task: src.tasks.verurl[a45b35b1-3551-4a14-9f52-c0b7a2549721]  
[2018-12-28 16:03:12,977: INFO/MainProcess] Received task: src.tasks.verurl[3f84ccbe-2407-4a8e-806a-f0d4bfd3228d]  
[2018-12-28 16:03:12,979: INFO/MainProcess] Received task: src.tasks.verurl[14178aad-bd3d-4bad-a7f5-8e5fbfa27a7d]  
[2018-12-28 16:03:12,980: INFO/MainProcess] Received task: src.tasks.verurl[20b2084b-d7d1-4014-8f59-0bd9cde4c3b6]  
[2018-12-28 16:03:12,981: INFO/MainProcess] Received task: src.tasks.verurl[f1afcbed-a4ec-4535-abe8-8ed8f0d388fa]  
[2018-12-28 16:03:12,982: INFO/MainProcess] Received task: src.tasks.verurl[43891621-f02a-422c-b263-e1fb4d55f0fb]  
[2018-12-28 17:03:13,488: INFO/MainProcess] Received task: src.tasks.verurl[43891621-f02a-422c-b263-e1fb4d55f0fb]  
[2018-12-28 17:03:13,490: INFO/MainProcess] Received task: src.tasks.verurl[696e694a-1f79-408d-8f92-2c364cfae5e3]  
[2018-12-28 17:03:13,491: INFO/MainProcess] Received task: src.tasks.verurl[a45b35b1-3551-4a14-9f52-c0b7a2549721]  
[2018-12-28 17:03:13,493: INFO/MainProcess] Received task: src.tasks.verurl[3f84ccbe-2407-4a8e-806a-f0d4bfd3228d]  
[2018-12-28 17:03:13,494: INFO/MainProcess] Received task: src.tasks.verurl[14178aad-bd3d-4bad-a7f5-8e5fbfa27a7d]  
[2018-12-28 17:03:13,495: INFO/MainProcess] Received task: src.tasks.verurl[20b2084b-d7d1-4014-8f59-0bd9cde4c3b6]  
[2018-12-28 17:03:13,498: INFO/MainProcess] Received task: src.tasks.verurl[f1afcbed-a4ec-4535-abe8-8ed8f0d388fa]  
[2018-12-28 18:03:13,958: INFO/MainProcess] Received task: src.tasks.verurl[f1afcbed-a4ec-4535-abe8-8ed8f0d388fa]  
[2018-12-28 18:03:13,959: INFO/MainProcess] Received task: src.tasks.verurl[43891621-f02a-422c-b263-e1fb4d55f0fb]  
[2018-12-28 18:03:13,961: INFO/MainProcess] Received task: src.tasks.verurl[696e694a-1f79-408d-8f92-2c364cfae5e3]  
[2018-12-28 18:03:13,962: INFO/MainProcess] Received task: src.tasks.verurl[a45b35b1-3551-4a14-9f52-c0b7a2549721]  
[2018-12-28 18:03:13,963: INFO/MainProcess] Received task: src.tasks.verurl[3f84ccbe-2407-4a8e-806a-f0d4bfd3228d]  
[2018-12-28 18:03:13,964: INFO/MainProcess] Received task: src.tasks.verurl[14178aad-bd3d-4bad-a7f5-8e5fbfa27a7d]  
[2018-12-28 18:03:13,965: INFO/MainProcess] Received task: src.tasks.verurl[20b2084b-d7d1-4014-8f59-0bd9cde4c3b6]  
[2018-12-28 19:03:14,410: INFO/MainProcess] Received task: src.tasks.verurl[20b2084b-d7d1-4014-8f59-0bd9cde4c3b6]  
[2018-12-28 19:03:14,411: INFO/MainProcess] Received task: src.tasks.verurl[f1afcbed-a4ec-4535-abe8-8ed8f0d388fa]  
[2018-12-28 19:03:14,413: INFO/MainProcess] Received task: src.tasks.verurl[43891621-f02a-422c-b263-e1fb4d55f0fb]  
[2018-12-28 19:03:14,414: INFO/MainProcess] Received task: src.tasks.verurl[696e694a-1f79-408d-8f92-2c364cfae5e3]  
[2018-12-28 19:03:14,415: INFO/MainProcess] Received task: src.tasks.verurl[a45b35b1-3551-4a14-9f52-c0b7a2549721]  
[2018-12-28 19:03:14,416: INFO/MainProcess] Received task: src.tasks.verurl[3f84ccbe-2407-4a8e-806a-f0d4bfd3228d]  
[2018-12-28 19:03:14,418: INFO/MainProcess] Received task: src.tasks.verurl[14178aad-bd3d-4bad-a7f5-8e5fbfa27a7d]  
[2018-12-28 20:03:14,892: INFO/MainProcess] Received task: src.tasks.verurl[14178aad-bd3d-4bad-a7f5-8e5fbfa27a7d]  
[2018-12-28 20:03:14,893: INFO/MainProcess] Received task: src.tasks.verurl[20b2084b-d7d1-4014-8f59-0bd9cde4c3b6]  
[2018-12-28 20:03:14,894: INFO/MainProcess] Received task: src.tasks.verurl[f1afcbed-a4ec-4535-abe8-8ed8f0d388fa]  
[2018-12-28 20:03:14,896: INFO/MainProcess] Received task: src.tasks.verurl[43891621-f02a-422c-b263-e1fb4d55f0fb]  
[2018-12-28 20:03:14,897: INFO/MainProcess] Received task: src.tasks.verurl[696e694a-1f79-408d-8f92-2c364cfae5e3]  
[2018-12-28 20:03:14,898: INFO/MainProcess] Received task: src.tasks.verurl[a45b35b1-3551-4a14-9f52-c0b7a2549721]  
[2018-12-28 20:03:14,899: INFO/MainProcess] Received task: src.tasks.verurl[3f84ccbe-2407-4a8e-806a-f0d4bfd3228d]  
[2018-12-28 21:03:15,398: INFO/MainProcess] Received task: src.tasks.verurl[3f84ccbe-2407-4a8e-806a-f0d4bfd3228d]  
[2018-12-28 21:03:15,399: INFO/MainProcess] Received task: src.tasks.verurl[14178aad-bd3d-4bad-a7f5-8e5fbfa27a7d]  
[2018-12-28 21:03:15,400: INFO/MainProcess] Received task: src.tasks.verurl[20b2084b-d7d1-4014-8f59-0bd9cde4c3b6]  
[2018-12-28 21:03:15,402: INFO/MainProcess] Received task: src.tasks.verurl[f1afcbed-a4ec-4535-abe8-8ed8f0d388fa]  
[2018-12-28 21:03:15,403: INFO/MainProcess] Received task: src.tasks.verurl[43891621-f02a-422c-b263-e1fb4d55f0fb]  
[2018-12-28 21:03:15,404: INFO/MainProcess] Received task: src.tasks.verurl[696e694a-1f79-408d-8f92-2c364cfae5e3]  
[2018-12-28 21:03:15,405: INFO/MainProcess] Received task: src.tasks.verurl[a45b35b1-3551-4a14-9f52-c0b7a2549721]  
[2018-12-28 22:03:15,901: INFO/MainProcess] Received task: src.tasks.verurl[a45b35b1-3551-4a14-9f52-c0b7a2549721]  
[2018-12-28 22:03:15,902: INFO/MainProcess] Received task: src.tasks.verurl[3f84ccbe-2407-4a8e-806a-f0d4bfd3228d]  
[2018-12-28 22:03:15,904: INFO/MainProcess] Received task: src.tasks.verurl[14178aad-bd3d-4bad-a7f5-8e5fbfa27a7d]  
[2018-12-28 22:03:15,910: INFO/MainProcess] Received task: src.tasks.verurl[20b2084b-d7d1-4014-8f59-0bd9cde4c3b6]  
[2018-12-28 22:03:15,911: INFO/MainProcess] Received task: src.tasks.verurl[f1afcbed-a4ec-4535-abe8-8ed8f0d388fa]  
[2018-12-28 22:03:15,912: INFO/MainProcess] Received task: src.tasks.verurl[43891621-f02a-422c-b263-e1fb4d55f0fb]  
[2018-12-28 22:03:15,914: INFO/MainProcess] Received task: src.tasks.verurl[696e694a-1f79-408d-8f92-2c364cfae5e3]  
[2018-12-28 23:03:16,391: INFO/MainProcess] Received task: src.tasks.verurl[696e694a-1f79-408d-8f92-2c364cfae5e3]  
[2018-12-28 23:03:16,392: INFO/MainProcess] Received task: src.tasks.verurl[a45b35b1-3551-4a14-9f52-c0b7a2549721]  
[2018-12-28 23:03:16,393: INFO/MainProcess] Received task: src.tasks.verurl[3f84ccbe-2407-4a8e-806a-f0d4bfd3228d]  
[2018-12-28 23:03:16,394: INFO/MainProcess] Received task: src.tasks.verurl[14178aad-bd3d-4bad-a7f5-8e5fbfa27a7d]  
[2018-12-28 23:03:16,396: INFO/MainProcess] Received task: src.tasks.verurl[20b2084b-d7d1-4014-8f59-0bd9cde4c3b6]  
[2018-12-28 23:03:16,397: INFO/MainProcess] Received task: src.tasks.verurl[f1afcbed-a4ec-4535-abe8-8ed8f0d388fa]  
[2018-12-28 23:03:16,398: INFO/MainProcess] Received task: src.tasks.verurl[43891621-f02a-422c-b263-e1fb4d55f0fb]  
[2018-12-29 00:03:16,895: INFO/MainProcess] Received task: src.tasks.verurl[43891621-f02a-422c-b263-e1fb4d55f0fb]  
[2018-12-29 00:03:16,896: INFO/MainProcess] Received task: src.tasks.verurl[696e694a-1f79-408d-8f92-2c364cfae5e3]  
[2018-12-29 00:03:16,897: INFO/MainProcess] Received task: src.tasks.verurl[a45b35b1-3551-4a14-9f52-c0b7a2549721]  
[2018-12-29 00:03:16,898: INFO/MainProcess] Received task: src.tasks.verurl[3f84ccbe-2407-4a8e-806a-f0d4bfd3228d]  
[2018-12-29 00:03:16,900: INFO/MainProcess] Received task: src.tasks.verurl[14178aad-bd3d-4bad-a7f5-8e5fbfa27a7d]  
[2018-12-29 00:03:16,901: INFO/MainProcess] Received task: src.tasks.verurl[20b2084b-d7d1-4014-8f59-0bd9cde4c3b6]  
[2018-12-29 00:03:16,902: INFO/MainProcess] Received task: src.tasks.verurl[f1afcbed-a4ec-4535-abe8-8ed8f0d388fa]  
[2018-12-29 01:00:00,081: INFO/Beat] Scheduler: Sending due task verurl (src.tasks.verurl)
[2018-12-29 01:00:00,083: INFO/MainProcess] Received task: src.tasks.verurl[8c0b80ab-9ad4-457d-83f8-94f0b6222128]  
[2018-12-29 20:34:37,984: INFO/ForkPoolWorker-3] Task src.tasks.verurl[ac72fe28-41f3-43eb-9992-a737f1c7c1df] succeeded in 441330.81738095125s: None
[2018-12-29 20:34:39,118: INFO/MainProcess] Received task: src.tasks.verurl[8c0b80ab-9ad4-457d-83f8-94f0b6222128]  
[2018-12-30 01:00:00,069: INFO/Beat] Scheduler: Sending due task verurl (src.tasks.verurl)
[2018-12-31 01:00:00,082: INFO/Beat] Scheduler: Sending due task verurl (src.tasks.verurl)
[2019-01-01 01:00:00,087: INFO/Beat] Scheduler: Sending due task verurl (src.tasks.verurl)
[2019-01-02 01:00:00,067: INFO/Beat] Scheduler: Sending due task verurl (src.tasks.verurl)
[2019-01-03 01:00:00,075: INFO/Beat] Scheduler: Sending due task verurl (src.tasks.verurl)
[2019-01-03 21:51:05,429: INFO/ForkPoolWorker-2] Task src.tasks.verurl[ac72fe28-41f3-43eb-9992-a737f1c7c1df] succeeded in 565153.8986131703s: None
[2019-01-03 21:51:05,618: INFO/MainProcess] Received task: src.tasks.verurl[8c0b80ab-9ad4-457d-83f8-94f0b6222128]  
[2019-01-04 01:00:00,070: INFO/Beat] Scheduler: Sending due task verurl (src.tasks.verurl)
[2019-01-05 01:00:00,023: INFO/Beat] Scheduler: Sending due task verurl (src.tasks.verurl)
[2019-01-05 10:52:42,206: INFO/ForkPoolWorker-3] Task src.tasks.verurl[ac72fe28-41f3-43eb-9992-a737f1c7c1df] succeeded in 569884.2198250042s: None
[2019-01-05 10:52:43,684: INFO/MainProcess] Received task: src.tasks.verurl[8c0b80ab-9ad4-457d-83f8-94f0b6222128]  
[2019-01-06 01:00:00,037: INFO/Beat] Scheduler: Sending due task verurl (src.tasks.verurl)
[2019-01-07 01:00:00,059: INFO/Beat] Scheduler: Sending due task verurl (src.tasks.verurl)
[2019-01-08 01:00:00,029: INFO/Beat] Scheduler: Sending due task verurl (src.tasks.verurl)
[2019-01-09 01:00:00,078: INFO/Beat] Scheduler: Sending due task verurl (src.tasks.verurl)
[2019-01-10 01:00:00,091: INFO/Beat] Scheduler: Sending due task verurl (src.tasks.verurl)
[2019-01-10 10:15:01,298: INFO/ForkPoolWorker-2] Task src.tasks.verurl[ac72fe28-41f3-43eb-9992-a737f1c7c1df] succeeded in 563035.8667082493s: None
[2019-01-10 10:15:01,590: INFO/MainProcess] Received task: src.tasks.verurl[8c0b80ab-9ad4-457d-83f8-94f0b6222128]  
[2019-01-11 01:00:00,059: INFO/Beat] Scheduler: Sending due task verurl (src.tasks.verurl)
[2019-01-11 23:47:12,504: INFO/ForkPoolWorker-3] Task src.tasks.verurl[ac72fe28-41f3-43eb-9992-a737f1c7c1df] succeeded in 564870.2969876002s: None
[2019-01-11 23:47:13,969: INFO/MainProcess] Received task: src.tasks.verurl[8c0b80ab-9ad4-457d-83f8-94f0b6222128]  
[2019-01-12 01:00:00,086: INFO/Beat] Scheduler: Sending due task verurl (src.tasks.verurl)
[2019-01-13 01:00:00,088: INFO/Beat] Scheduler: Sending due task verurl (src.tasks.verurl)
[2019-01-14 01:00:00,092: INFO/Beat] Scheduler: Sending due task verurl (src.tasks.verurl)
[2019-01-15 01:00:00,061: INFO/Beat] Scheduler: Sending due task verurl (src.tasks.verurl)
[2019-01-16 01:00:00,000: INFO/Beat] Scheduler: Sending due task verurl (src.tasks.verurl)
